<?xml version="1.0" encoding="UTF-8"?>
<coverage generated="1649250282954" clover="3.2.0">
  <project timestamp="1649250282954" name="All files">
    <metrics statements="361" coveredstatements="303" conditionals="48" coveredconditionals="26" methods="101" coveredmethods="92" elements="510" coveredelements="421" complexity="0" loc="361" ncloc="361" packages="9" files="24" classes="24"/>
    <package name="backend-project-lvl4">
      <metrics statements="5" coveredstatements="5" conditionals="0" coveredconditionals="0" methods="0" coveredmethods="0"/>
      <file name="knexfile.js" path="/home/gedo/projects/backend-project-lvl4/knexfile.js">
        <metrics statements="5" coveredstatements="5" conditionals="0" coveredconditionals="0" methods="0" coveredmethods="0"/>
        <line num="6" count="6" type="stmt"/>
        <line num="8" count="6" type="stmt"/>
        <line num="12" count="6" type="stmt"/>
        <line num="21" count="6" type="stmt"/>
        <line num="28" count="6" type="stmt"/>
      </file>
    </package>
    <package name="backend-project-lvl4.server">
      <metrics statements="47" coveredstatements="42" conditionals="4" coveredconditionals="2" methods="15" coveredmethods="13"/>
      <file name="plugin.js" path="/home/gedo/projects/backend-project-lvl4/server/plugin.js">
        <metrics statements="47" coveredstatements="42" conditionals="4" coveredconditionals="2" methods="15" coveredmethods="13"/>
        <line num="29" count="6" type="stmt"/>
        <line num="31" count="6" type="cond" truecount="1" falsecount="1"/>
        <line num="33" count="6" type="stmt"/>
        <line num="34" count="6" type="stmt"/>
        <line num="35" count="6" type="stmt"/>
        <line num="42" count="30" type="stmt"/>
        <line num="47" count="6" type="stmt"/>
        <line num="48" count="15" type="stmt"/>
        <line num="52" count="6" type="stmt"/>
        <line num="53" count="6" type="stmt"/>
        <line num="54" count="6" type="stmt"/>
        <line num="60" count="6" type="stmt"/>
        <line num="61" count="6" type="stmt"/>
        <line num="71" count="6" type="stmt"/>
        <line num="72" count="6" type="stmt"/>
        <line num="73" count="52" type="stmt"/>
        <line num="74" count="19" type="stmt"/>
        <line num="79" count="6" type="stmt"/>
        <line num="80" count="6" type="stmt"/>
        <line num="81" count="6" type="stmt"/>
        <line num="82" count="6" type="stmt"/>
        <line num="83" count="6" type="stmt"/>
        <line num="84" count="6" type="stmt"/>
        <line num="91" count="6" type="stmt"/>
        <line num="92" count="23" type="stmt"/>
        <line num="94" count="23" type="stmt"/>
        <line num="95" count="6" type="stmt"/>
        <line num="96" count="6" type="stmt"/>
        <line num="97" count="6" type="stmt"/>
        <line num="98" count="6" type="stmt"/>
        <line num="99" count="16" type="stmt"/>
        <line num="108" count="6" type="stmt"/>
        <line num="109" count="6" type="stmt"/>
        <line num="115" count="6" type="stmt"/>
        <line num="116" count="0" type="stmt"/>
        <line num="117" count="0" type="stmt"/>
        <line num="122" count="0" type="stmt"/>
        <line num="123" count="0" type="stmt"/>
        <line num="129" count="6" type="cond" truecount="1" falsecount="1"/>
        <line num="130" count="0" type="stmt"/>
        <line num="132" count="6" type="stmt"/>
        <line num="134" count="6" type="stmt"/>
        <line num="135" count="6" type="stmt"/>
        <line num="136" count="6" type="stmt"/>
        <line num="137" count="6" type="stmt"/>
        <line num="138" count="6" type="stmt"/>
        <line num="139" count="6" type="stmt"/>
      </file>
    </package>
    <package name="backend-project-lvl4.server.helpers">
      <metrics statements="10" coveredstatements="7" conditionals="4" coveredconditionals="1" methods="5" coveredmethods="5"/>
      <file name="index.js" path="/home/gedo/projects/backend-project-lvl4/server/helpers/index.js">
        <metrics statements="10" coveredstatements="7" conditionals="4" coveredconditionals="1" methods="5" coveredmethods="5"/>
        <line num="6" count="6" type="stmt"/>
        <line num="8" count="116" type="stmt"/>
        <line num="11" count="196" type="stmt"/>
        <line num="15" count="11" type="cond" truecount="1" falsecount="3"/>
        <line num="19" count="0" type="stmt"/>
        <line num="21" count="11" type="stmt"/>
        <line num="23" count="0" type="stmt"/>
        <line num="25" count="0" type="stmt"/>
        <line num="29" count="11" type="stmt"/>
        <line num="30" count="11" type="stmt"/>
      </file>
    </package>
    <package name="backend-project-lvl4.server.lib">
      <metrics statements="2" coveredstatements="2" conditionals="0" coveredconditionals="0" methods="1" coveredmethods="1"/>
      <file name="secure.cjs" path="/home/gedo/projects/backend-project-lvl4/server/lib/secure.cjs">
        <metrics statements="2" coveredstatements="2" conditionals="0" coveredconditionals="0" methods="1" coveredmethods="1"/>
        <line num="3" count="6" type="stmt"/>
        <line num="8" count="27" type="stmt"/>
      </file>
    </package>
    <package name="backend-project-lvl4.server.lib.passportStrategies">
      <metrics statements="11" coveredstatements="10" conditionals="6" coveredconditionals="5" methods="2" coveredmethods="2"/>
      <file name="FormStrategy.js" path="/home/gedo/projects/backend-project-lvl4/server/lib/passportStrategies/FormStrategy.js">
        <metrics statements="11" coveredstatements="10" conditionals="6" coveredconditionals="5" methods="2" coveredmethods="2"/>
        <line num="8" count="6" type="stmt"/>
        <line num="9" count="6" type="stmt"/>
        <line num="13" count="39" type="cond" truecount="2" falsecount="0"/>
        <line num="14" count="16" type="stmt"/>
        <line num="17" count="23" type="stmt"/>
        <line num="18" count="23" type="stmt"/>
        <line num="19" count="23" type="stmt"/>
        <line num="20" count="23" type="stmt"/>
        <line num="22" count="23" type="cond" truecount="3" falsecount="1"/>
        <line num="23" count="23" type="stmt"/>
        <line num="26" count="0" type="stmt"/>
      </file>
    </package>
    <package name="backend-project-lvl4.server.locales">
      <metrics statements="0" coveredstatements="0" conditionals="0" coveredconditionals="0" methods="0" coveredmethods="0"/>
      <file name="ru.js" path="/home/gedo/projects/backend-project-lvl4/server/locales/ru.js">
        <metrics statements="0" coveredstatements="0" conditionals="0" coveredconditionals="0" methods="0" coveredmethods="0"/>
      </file>
    </package>
    <package name="backend-project-lvl4.server.migrations">
      <metrics statements="43" coveredstatements="43" conditionals="0" coveredconditionals="0" methods="15" coveredmethods="10"/>
      <file name="20200716171734_create_users_table.js" path="/home/gedo/projects/backend-project-lvl4/server/migrations/20200716171734_create_users_table.js">
        <metrics statements="10" coveredstatements="10" conditionals="0" coveredconditionals="0" methods="3" coveredmethods="2"/>
        <line num="3" count="5" type="stmt"/>
        <line num="4" count="5" type="stmt"/>
        <line num="5" count="5" type="stmt"/>
        <line num="6" count="5" type="stmt"/>
        <line num="7" count="5" type="stmt"/>
        <line num="8" count="5" type="stmt"/>
        <line num="9" count="5" type="stmt"/>
        <line num="10" count="5" type="stmt"/>
        <line num="11" count="5" type="stmt"/>
        <line num="15" count="5" type="stmt"/>
      </file>
      <file name="20220321142357_create_statuses_table.js" path="/home/gedo/projects/backend-project-lvl4/server/migrations/20220321142357_create_statuses_table.js">
        <metrics statements="7" coveredstatements="7" conditionals="0" coveredconditionals="0" methods="3" coveredmethods="2"/>
        <line num="1" count="5" type="stmt"/>
        <line num="2" count="5" type="stmt"/>
        <line num="3" count="5" type="stmt"/>
        <line num="4" count="5" type="stmt"/>
        <line num="5" count="5" type="stmt"/>
        <line num="6" count="5" type="stmt"/>
        <line num="10" count="5" type="stmt"/>
      </file>
      <file name="20220323141134_create_tasks_table.js" path="/home/gedo/projects/backend-project-lvl4/server/migrations/20220323141134_create_tasks_table.js">
        <metrics statements="11" coveredstatements="11" conditionals="0" coveredconditionals="0" methods="3" coveredmethods="2"/>
        <line num="1" count="5" type="stmt"/>
        <line num="2" count="5" type="stmt"/>
        <line num="3" count="5" type="stmt"/>
        <line num="4" count="5" type="stmt"/>
        <line num="5" count="5" type="stmt"/>
        <line num="6" count="5" type="stmt"/>
        <line num="8" count="5" type="stmt"/>
        <line num="10" count="5" type="stmt"/>
        <line num="12" count="5" type="stmt"/>
        <line num="13" count="5" type="stmt"/>
        <line num="17" count="5" type="stmt"/>
      </file>
      <file name="20220327171806_create_labels_table.js" path="/home/gedo/projects/backend-project-lvl4/server/migrations/20220327171806_create_labels_table.js">
        <metrics statements="7" coveredstatements="7" conditionals="0" coveredconditionals="0" methods="3" coveredmethods="2"/>
        <line num="1" count="5" type="stmt"/>
        <line num="2" count="5" type="stmt"/>
        <line num="3" count="5" type="stmt"/>
        <line num="4" count="5" type="stmt"/>
        <line num="5" count="5" type="stmt"/>
        <line num="6" count="5" type="stmt"/>
        <line num="10" count="5" type="stmt"/>
      </file>
      <file name="20220327172434_create_task_labels_table.js" path="/home/gedo/projects/backend-project-lvl4/server/migrations/20220327172434_create_task_labels_table.js">
        <metrics statements="8" coveredstatements="8" conditionals="0" coveredconditionals="0" methods="3" coveredmethods="2"/>
        <line num="1" count="5" type="stmt"/>
        <line num="2" count="5" type="stmt"/>
        <line num="3" count="5" type="stmt"/>
        <line num="4" count="5" type="stmt"/>
        <line num="6" count="5" type="stmt"/>
        <line num="8" count="5" type="stmt"/>
        <line num="9" count="5" type="stmt"/>
        <line num="13" count="5" type="stmt"/>
      </file>
    </package>
    <package name="backend-project-lvl4.server.models">
      <metrics statements="42" coveredstatements="38" conditionals="8" coveredconditionals="4" methods="21" coveredmethods="21"/>
      <file name="BaseModel.cjs" path="/home/gedo/projects/backend-project-lvl4/server/models/BaseModel.cjs">
        <metrics statements="3" coveredstatements="3" conditionals="0" coveredconditionals="0" methods="1" coveredmethods="1"/>
        <line num="3" count="6" type="stmt"/>
        <line num="5" count="6" type="stmt"/>
        <line num="7" count="8" type="stmt"/>
      </file>
      <file name="Task.cjs" path="/home/gedo/projects/backend-project-lvl4/server/models/Task.cjs">
        <metrics statements="14" coveredstatements="10" conditionals="8" coveredconditionals="4" methods="8" coveredmethods="8"/>
        <line num="3" count="6" type="stmt"/>
        <line num="5" count="6" type="stmt"/>
        <line num="7" count="158" type="stmt"/>
        <line num="11" count="4" type="stmt"/>
        <line num="26" count="1" type="stmt"/>
        <line num="67" count="4" type="stmt"/>
        <line num="69" count="1" type="cond" truecount="1" falsecount="1"/>
        <line num="70" count="0" type="stmt"/>
        <line num="74" count="1" type="cond" truecount="1" falsecount="1"/>
        <line num="75" count="0" type="stmt"/>
        <line num="79" count="1" type="cond" truecount="1" falsecount="1"/>
        <line num="80" count="0" type="stmt"/>
        <line num="84" count="1" type="cond" truecount="1" falsecount="1"/>
        <line num="85" count="0" type="stmt"/>
      </file>
      <file name="TaskLabel.cjs" path="/home/gedo/projects/backend-project-lvl4/server/models/TaskLabel.cjs">
        <metrics statements="7" coveredstatements="7" conditionals="0" coveredconditionals="0" methods="3" coveredmethods="3"/>
        <line num="1" count="6" type="stmt"/>
        <line num="2" count="6" type="stmt"/>
        <line num="4" count="6" type="stmt"/>
        <line num="6" count="6" type="stmt"/>
        <line num="8" count="138" type="stmt"/>
        <line num="12" count="2" type="stmt"/>
        <line num="23" count="1" type="stmt"/>
      </file>
      <file name="TaskStatus.cjs" path="/home/gedo/projects/backend-project-lvl4/server/models/TaskStatus.cjs">
        <metrics statements="7" coveredstatements="7" conditionals="0" coveredconditionals="0" methods="3" coveredmethods="3"/>
        <line num="3" count="6" type="stmt"/>
        <line num="4" count="6" type="stmt"/>
        <line num="6" count="6" type="stmt"/>
        <line num="8" count="6" type="stmt"/>
        <line num="10" count="110" type="stmt"/>
        <line num="14" count="2" type="stmt"/>
        <line num="25" count="1" type="stmt"/>
      </file>
      <file name="User.cjs" path="/home/gedo/projects/backend-project-lvl4/server/models/User.cjs">
        <metrics statements="11" coveredstatements="11" conditionals="0" coveredconditionals="0" methods="6" coveredmethods="6"/>
        <line num="3" count="6" type="stmt"/>
        <line num="4" count="6" type="stmt"/>
        <line num="5" count="6" type="stmt"/>
        <line num="7" count="6" type="stmt"/>
        <line num="9" count="6" type="stmt"/>
        <line num="11" count="325" type="stmt"/>
        <line num="15" count="5" type="stmt"/>
        <line num="29" count="2" type="stmt"/>
        <line num="33" count="31" type="stmt"/>
        <line num="37" count="23" type="stmt"/>
        <line num="41" count="1" type="stmt"/>
      </file>
      <file name="index.js" path="/home/gedo/projects/backend-project-lvl4/server/models/index.js">
        <metrics statements="0" coveredstatements="0" conditionals="0" coveredconditionals="0" methods="0" coveredmethods="0"/>
      </file>
    </package>
    <package name="backend-project-lvl4.server.routes">
      <metrics statements="201" coveredstatements="156" conditionals="26" coveredconditionals="14" methods="42" coveredmethods="40"/>
      <file name="index.js" path="/home/gedo/projects/backend-project-lvl4/server/routes/index.js">
        <metrics statements="2" coveredstatements="2" conditionals="0" coveredconditionals="0" methods="2" coveredmethods="2"/>
        <line num="10" count="6" type="stmt"/>
        <line num="19" count="36" type="stmt"/>
      </file>
      <file name="labels.js" path="/home/gedo/projects/backend-project-lvl4/server/routes/labels.js">
        <metrics statements="38" coveredstatements="30" conditionals="2" coveredconditionals="1" methods="7" coveredmethods="7"/>
        <line num="7" count="6" type="stmt"/>
        <line num="12" count="1" type="stmt"/>
        <line num="14" count="1" type="stmt"/>
        <line num="15" count="1" type="stmt"/>
        <line num="22" count="1" type="stmt"/>
        <line num="24" count="1" type="stmt"/>
        <line num="25" count="1" type="stmt"/>
        <line num="32" count="1" type="stmt"/>
        <line num="33" count="1" type="stmt"/>
        <line num="35" count="1" type="stmt"/>
        <line num="36" count="1" type="stmt"/>
        <line num="43" count="1" type="stmt"/>
        <line num="45" count="1" type="stmt"/>
        <line num="46" count="1" type="stmt"/>
        <line num="48" count="1" type="stmt"/>
        <line num="49" count="1" type="stmt"/>
        <line num="51" count="0" type="stmt"/>
        <line num="52" count="0" type="stmt"/>
        <line num="53" count="0" type="stmt"/>
        <line num="61" count="1" type="stmt"/>
        <line num="62" count="1" type="stmt"/>
        <line num="64" count="1" type="stmt"/>
        <line num="65" count="1" type="stmt"/>
        <line num="66" count="1" type="stmt"/>
        <line num="68" count="1" type="stmt"/>
        <line num="69" count="1" type="stmt"/>
        <line num="71" count="0" type="stmt"/>
        <line num="73" count="0" type="stmt"/>
        <line num="74" count="0" type="stmt"/>
        <line num="75" count="0" type="stmt"/>
        <line num="83" count="1" type="stmt"/>
        <line num="85" count="1" type="stmt"/>
        <line num="86" count="1" type="stmt"/>
        <line num="88" count="1" type="cond" truecount="1" falsecount="1"/>
        <line num="89" count="1" type="stmt"/>
        <line num="91" count="1" type="stmt"/>
        <line num="93" count="0" type="stmt"/>
        <line num="96" count="1" type="stmt"/>
      </file>
      <file name="session.js" path="/home/gedo/projects/backend-project-lvl4/server/routes/session.js">
        <metrics statements="15" coveredstatements="11" conditionals="4" coveredconditionals="2" methods="4" coveredmethods="4"/>
        <line num="6" count="6" type="stmt"/>
        <line num="8" count="1" type="stmt"/>
        <line num="9" count="1" type="stmt"/>
        <line num="12" count="23" type="cond" truecount="1" falsecount="1"/>
        <line num="13" count="0" type="stmt"/>
        <line num="15" count="23" type="cond" truecount="1" falsecount="1"/>
        <line num="16" count="0" type="stmt"/>
        <line num="17" count="0" type="stmt"/>
        <line num="20" count="0" type="stmt"/>
        <line num="22" count="23" type="stmt"/>
        <line num="23" count="23" type="stmt"/>
        <line num="24" count="23" type="stmt"/>
        <line num="27" count="1" type="stmt"/>
        <line num="28" count="1" type="stmt"/>
        <line num="29" count="1" type="stmt"/>
      </file>
      <file name="statuses.js" path="/home/gedo/projects/backend-project-lvl4/server/routes/statuses.js">
        <metrics statements="38" coveredstatements="30" conditionals="2" coveredconditionals="1" methods="7" coveredmethods="7"/>
        <line num="7" count="6" type="stmt"/>
        <line num="12" count="1" type="stmt"/>
        <line num="13" count="1" type="stmt"/>
        <line num="14" count="1" type="stmt"/>
        <line num="21" count="1" type="stmt"/>
        <line num="22" count="1" type="stmt"/>
        <line num="23" count="1" type="stmt"/>
        <line num="30" count="1" type="stmt"/>
        <line num="32" count="1" type="stmt"/>
        <line num="33" count="1" type="stmt"/>
        <line num="34" count="1" type="stmt"/>
        <line num="41" count="1" type="stmt"/>
        <line num="43" count="1" type="stmt"/>
        <line num="44" count="1" type="stmt"/>
        <line num="46" count="1" type="stmt"/>
        <line num="47" count="1" type="stmt"/>
        <line num="49" count="0" type="stmt"/>
        <line num="50" count="0" type="stmt"/>
        <line num="51" count="0" type="stmt"/>
        <line num="59" count="1" type="stmt"/>
        <line num="60" count="1" type="stmt"/>
        <line num="62" count="1" type="stmt"/>
        <line num="63" count="1" type="stmt"/>
        <line num="64" count="1" type="stmt"/>
        <line num="66" count="1" type="stmt"/>
        <line num="67" count="1" type="stmt"/>
        <line num="69" count="0" type="stmt"/>
        <line num="71" count="0" type="stmt"/>
        <line num="72" count="0" type="stmt"/>
        <line num="73" count="0" type="stmt"/>
        <line num="81" count="1" type="stmt"/>
        <line num="82" count="1" type="stmt"/>
        <line num="83" count="1" type="stmt"/>
        <line num="85" count="1" type="cond" truecount="1" falsecount="1"/>
        <line num="86" count="1" type="stmt"/>
        <line num="87" count="1" type="stmt"/>
        <line num="89" count="0" type="stmt"/>
        <line num="92" count="1" type="stmt"/>
      </file>
      <file name="tasks.js" path="/home/gedo/projects/backend-project-lvl4/server/routes/tasks.js">
        <metrics statements="58" coveredstatements="47" conditionals="8" coveredconditionals="4" methods="12" coveredmethods="11"/>
        <line num="7" count="6" type="stmt"/>
        <line num="17" count="1" type="stmt"/>
        <line num="19" count="1" type="stmt"/>
        <line num="27" count="1" type="stmt"/>
        <line num="33" count="1" type="stmt"/>
        <line num="36" count="1" type="stmt"/>
        <line num="43" count="1" type="stmt"/>
        <line num="44" count="1" type="stmt"/>
        <line num="50" count="1" type="stmt"/>
        <line num="53" count="1" type="stmt"/>
        <line num="60" count="1" type="stmt"/>
        <line num="61" count="1" type="stmt"/>
        <line num="66" count="1" type="stmt"/>
        <line num="67" count="1" type="stmt"/>
        <line num="74" count="1" type="stmt"/>
        <line num="76" count="1" type="stmt"/>
        <line num="83" count="1" type="stmt"/>
        <line num="86" count="1" type="stmt"/>
        <line num="93" count="1" type="stmt"/>
        <line num="95" count="1" type="stmt"/>
        <line num="96" count="1" type="stmt"/>
        <line num="98" count="1" type="stmt"/>
        <line num="107" count="1" type="stmt"/>
        <line num="108" count="1" type="stmt"/>
        <line num="109" count="1" type="stmt"/>
        <line num="114" count="1" type="stmt"/>
        <line num="115" count="1" type="stmt"/>
        <line num="117" count="0" type="stmt"/>
        <line num="122" count="0" type="stmt"/>
        <line num="123" count="0" type="stmt"/>
        <line num="126" count="0" type="stmt"/>
        <line num="134" count="1" type="stmt"/>
        <line num="135" count="1" type="stmt"/>
        <line num="137" count="1" type="stmt"/>
        <line num="138" count="1" type="stmt"/>
        <line num="146" count="1" type="stmt"/>
        <line num="153" count="1" type="stmt"/>
        <line num="154" count="1" type="stmt"/>
        <line num="155" count="1" type="stmt"/>
        <line num="156" count="1" type="stmt"/>
        <line num="157" count="1" type="stmt"/>
        <line num="160" count="1" type="stmt"/>
        <line num="161" count="1" type="stmt"/>
        <line num="163" count="0" type="stmt"/>
        <line num="168" count="0" type="stmt"/>
        <line num="170" count="0" type="stmt"/>
        <line num="171" count="0" type="stmt"/>
        <line num="174" count="0" type="stmt"/>
        <line num="182" count="1" type="stmt"/>
        <line num="184" count="1" type="stmt"/>
        <line num="186" count="1" type="cond" truecount="1" falsecount="1"/>
        <line num="187" count="0" type="stmt"/>
        <line num="188" count="0" type="stmt"/>
        <line num="191" count="1" type="stmt"/>
        <line num="192" count="1" type="stmt"/>
        <line num="193" count="1" type="stmt"/>
        <line num="196" count="1" type="stmt"/>
        <line num="197" count="1" type="stmt"/>
      </file>
      <file name="users.js" path="/home/gedo/projects/backend-project-lvl4/server/routes/users.js">
        <metrics statements="47" coveredstatements="34" conditionals="10" coveredconditionals="6" methods="7" coveredmethods="7"/>
        <line num="7" count="6" type="stmt"/>
        <line num="9" count="1" type="stmt"/>
        <line num="10" count="1" type="stmt"/>
        <line num="11" count="1" type="stmt"/>
        <line num="14" count="1" type="stmt"/>
        <line num="15" count="1" type="stmt"/>
        <line num="16" count="1" type="stmt"/>
        <line num="22" count="1" type="stmt"/>
        <line num="24" count="1" type="cond" truecount="1" falsecount="1"/>
        <line num="25" count="0" type="stmt"/>
        <line num="26" count="0" type="stmt"/>
        <line num="29" count="1" type="stmt"/>
        <line num="31" count="1" type="stmt"/>
        <line num="32" count="1" type="stmt"/>
        <line num="36" count="1" type="stmt"/>
        <line num="38" count="1" type="stmt"/>
        <line num="39" count="1" type="stmt"/>
        <line num="41" count="1" type="stmt"/>
        <line num="42" count="1" type="stmt"/>
        <line num="44" count="0" type="stmt"/>
        <line num="45" count="0" type="stmt"/>
        <line num="46" count="0" type="stmt"/>
        <line num="53" count="1" type="stmt"/>
        <line num="54" count="1" type="stmt"/>
        <line num="56" count="1" type="cond" truecount="1" falsecount="1"/>
        <line num="57" count="0" type="stmt"/>
        <line num="58" count="0" type="stmt"/>
        <line num="61" count="1" type="stmt"/>
        <line num="62" count="1" type="stmt"/>
        <line num="63" count="1" type="stmt"/>
        <line num="65" count="1" type="stmt"/>
        <line num="66" count="1" type="stmt"/>
        <line num="68" count="0" type="stmt"/>
        <line num="69" count="0" type="stmt"/>
        <line num="70" count="0" type="stmt"/>
        <line num="78" count="1" type="stmt"/>
        <line num="80" count="1" type="cond" truecount="1" falsecount="1"/>
        <line num="81" count="0" type="stmt"/>
        <line num="82" count="0" type="stmt"/>
        <line num="85" count="1" type="stmt"/>
        <line num="86" count="1" type="stmt"/>
        <line num="91" count="1" type="cond" truecount="3" falsecount="1"/>
        <line num="92" count="1" type="stmt"/>
        <line num="93" count="1" type="stmt"/>
        <line num="94" count="1" type="stmt"/>
        <line num="96" count="0" type="stmt"/>
        <line num="99" count="1" type="stmt"/>
      </file>
      <file name="welcome.js" path="/home/gedo/projects/backend-project-lvl4/server/routes/welcome.js">
        <metrics statements="3" coveredstatements="2" conditionals="0" coveredconditionals="0" methods="3" coveredmethods="2"/>
        <line num="4" count="6" type="stmt"/>
        <line num="6" count="1" type="stmt"/>
        <line num="9" count="0" type="stmt"/>
      </file>
    </package>
  </project>
</coverage>
