{"/home/gedo/projects/backend-project-lvl4/knexfile.js": {"path":"/home/gedo/projects/backend-project-lvl4/knexfile.js","statementMap":{"0":{"start":{"line":6,"column":18},"end":{"line":6,"column":62}},"1":{"start":{"line":8,"column":19},"end":{"line":10,"column":1}},"2":{"start":{"line":12,"column":27},"end":{"line":19,"column":1}},"3":{"start":{"line":21,"column":20},"end":{"line":26,"column":1}},"4":{"start":{"line":28,"column":26},"end":{"line":36,"column":1}}},"fnMap":{},"branchMap":{},"s":{"0":6,"1":6,"2":6,"3":6,"4":6},"f":{},"b":{},"inputSourceMap":null,"_coverageSchema":"1a1c01bbd47fc00a2c39e90264f33305004495a9","hash":"886b42d3c6fa88b85599eea48864305792ed6c89"}
,"/home/gedo/projects/backend-project-lvl4/server/plugin.js": {"path":"/home/gedo/projects/backend-project-lvl4/server/plugin.js","statementMap":{"0":{"start":{"line":29,"column":18},"end":{"line":29,"column":62}},"1":{"start":{"line":31,"column":13},"end":{"line":31,"column":50}},"2":{"start":{"line":33,"column":19},"end":{"line":50,"column":1}},"3":{"start":{"line":34,"column":18},"end":{"line":34,"column":33}},"4":{"start":{"line":35,"column":2},"end":{"line":45,"column":5}},"5":{"start":{"line":42,"column":31},"end":{"line":42,"column":52}},"6":{"start":{"line":47,"column":2},"end":{"line":49,"column":5}},"7":{"start":{"line":48,"column":4},"end":{"line":48,"column":52}},"8":{"start":{"line":52,"column":26},"end":{"line":58,"column":1}},"9":{"start":{"line":53,"column":21},"end":{"line":53,"column":55}},"10":{"start":{"line":54,"column":2},"end":{"line":57,"column":5}},"11":{"start":{"line":60,"column":26},"end":{"line":69,"column":1}},"12":{"start":{"line":61,"column":2},"end":{"line":68,"column":7}},"13":{"start":{"line":71,"column":17},"end":{"line":77,"column":1}},"14":{"start":{"line":72,"column":2},"end":{"line":76,"column":5}},"15":{"start":{"line":73,"column":4},"end":{"line":75,"column":6}},"16":{"start":{"line":74,"column":29},"end":{"line":74,"column":50}},"17":{"start":{"line":79,"column":24},"end":{"line":113,"column":1}},"18":{"start":{"line":80,"column":2},"end":{"line":80,"column":32}},"19":{"start":{"line":81,"column":2},"end":{"line":81,"column":33}},"20":{"start":{"line":82,"column":2},"end":{"line":82,"column":37}},"21":{"start":{"line":83,"column":2},"end":{"line":83,"column":54}},"22":{"start":{"line":84,"column":2},"end":{"line":89,"column":5}},"23":{"start":{"line":91,"column":2},"end":{"line":93,"column":4}},"24":{"start":{"line":92,"column":12},"end":{"line":92,"column":66}},"25":{"start":{"line":94,"column":2},"end":{"line":94,"column":63}},"26":{"start":{"line":94,"column":59},"end":{"line":94,"column":61}},"27":{"start":{"line":95,"column":2},"end":{"line":95,"column":53}},"28":{"start":{"line":96,"column":2},"end":{"line":96,"column":45}},"29":{"start":{"line":97,"column":2},"end":{"line":97,"column":48}},"30":{"start":{"line":98,"column":2},"end":{"line":98,"column":38}},"31":{"start":{"line":99,"column":2},"end":{"line":106,"column":14}},"32":{"start":{"line":99,"column":44},"end":{"line":106,"column":12}},"33":{"start":{"line":108,"column":2},"end":{"line":108,"column":38}},"34":{"start":{"line":109,"column":2},"end":{"line":112,"column":5}},"35":{"start":{"line":115,"column":24},"end":{"line":125,"column":1}},"36":{"start":{"line":116,"column":2},"end":{"line":124,"column":5}},"37":{"start":{"line":117,"column":20},"end":{"line":121,"column":6}},"38":{"start":{"line":122,"column":4},"end":{"line":122,"column":28}},"39":{"start":{"line":123,"column":4},"end":{"line":123,"column":20}},"40":{"start":{"line":129,"column":2},"end":{"line":131,"column":3}},"41":{"start":{"line":130,"column":4},"end":{"line":130,"column":25}},"42":{"start":{"line":132,"column":2},"end":{"line":132,"column":23}},"43":{"start":{"line":134,"column":2},"end":{"line":134,"column":28}},"44":{"start":{"line":135,"column":2},"end":{"line":135,"column":18}},"45":{"start":{"line":136,"column":2},"end":{"line":136,"column":25}},"46":{"start":{"line":137,"column":2},"end":{"line":137,"column":17}},"47":{"start":{"line":138,"column":2},"end":{"line":138,"column":16}},"48":{"start":{"line":139,"column":2},"end":{"line":139,"column":13}}},"fnMap":{"0":{"name":"(anonymous_0)","decl":{"start":{"line":33,"column":19},"end":{"line":33,"column":20}},"loc":{"start":{"line":33,"column":28},"end":{"line":50,"column":1}},"line":33},"1":{"name":"(anonymous_1)","decl":{"start":{"line":42,"column":17},"end":{"line":42,"column":18}},"loc":{"start":{"line":42,"column":31},"end":{"line":42,"column":52}},"line":42},"2":{"name":"render","decl":{"start":{"line":47,"column":39},"end":{"line":47,"column":45}},"loc":{"start":{"line":47,"column":64},"end":{"line":49,"column":3}},"line":47},"3":{"name":"(anonymous_3)","decl":{"start":{"line":52,"column":26},"end":{"line":52,"column":27}},"loc":{"start":{"line":52,"column":35},"end":{"line":58,"column":1}},"line":52},"4":{"name":"(anonymous_4)","decl":{"start":{"line":60,"column":26},"end":{"line":60,"column":27}},"loc":{"start":{"line":60,"column":38},"end":{"line":69,"column":1}},"line":60},"5":{"name":"(anonymous_5)","decl":{"start":{"line":71,"column":17},"end":{"line":71,"column":18}},"loc":{"start":{"line":71,"column":26},"end":{"line":77,"column":1}},"line":71},"6":{"name":"(anonymous_6)","decl":{"start":{"line":72,"column":28},"end":{"line":72,"column":29}},"loc":{"start":{"line":72,"column":50},"end":{"line":76,"column":3}},"line":72},"7":{"name":"(anonymous_7)","decl":{"start":{"line":74,"column":23},"end":{"line":74,"column":24}},"loc":{"start":{"line":74,"column":29},"end":{"line":74,"column":50}},"line":74},"8":{"name":"(anonymous_8)","decl":{"start":{"line":79,"column":24},"end":{"line":79,"column":25}},"loc":{"start":{"line":79,"column":33},"end":{"line":113,"column":1}},"line":79},"9":{"name":"(anonymous_9)","decl":{"start":{"line":92,"column":4},"end":{"line":92,"column":5}},"loc":{"start":{"line":92,"column":12},"end":{"line":92,"column":66}},"line":92},"10":{"name":"(anonymous_10)","decl":{"start":{"line":94,"column":41},"end":{"line":94,"column":42}},"loc":{"start":{"line":94,"column":59},"end":{"line":94,"column":61}},"line":94},"11":{"name":"(anonymous_11)","decl":{"start":{"line":99,"column":31},"end":{"line":99,"column":32}},"loc":{"start":{"line":99,"column":44},"end":{"line":106,"column":12}},"line":99},"12":{"name":"(anonymous_12)","decl":{"start":{"line":115,"column":24},"end":{"line":115,"column":25}},"loc":{"start":{"line":115,"column":33},"end":{"line":125,"column":1}},"line":115},"13":{"name":"(anonymous_13)","decl":{"start":{"line":116,"column":22},"end":{"line":116,"column":23}},"loc":{"start":{"line":116,"column":43},"end":{"line":124,"column":3}},"line":116},"14":{"name":"(anonymous_14)","decl":{"start":{"line":128,"column":15},"end":{"line":128,"column":16}},"loc":{"start":{"line":128,"column":39},"end":{"line":140,"column":1}},"line":128}},"branchMap":{"0":{"loc":{"start":{"line":31,"column":13},"end":{"line":31,"column":50}},"type":"binary-expr","locations":[{"start":{"line":31,"column":13},"end":{"line":31,"column":33}},{"start":{"line":31,"column":37},"end":{"line":31,"column":50}}],"line":31},"1":{"loc":{"start":{"line":129,"column":2},"end":{"line":131,"column":3}},"type":"if","locations":[{"start":{"line":129,"column":2},"end":{"line":131,"column":3}},{"start":{},"end":{}}],"line":129}},"s":{"0":6,"1":6,"2":6,"3":6,"4":6,"5":30,"6":6,"7":15,"8":6,"9":6,"10":6,"11":6,"12":6,"13":6,"14":6,"15":52,"16":19,"17":6,"18":6,"19":6,"20":6,"21":6,"22":6,"23":6,"24":23,"25":6,"26":23,"27":6,"28":6,"29":6,"30":6,"31":6,"32":16,"33":6,"34":6,"35":6,"36":0,"37":0,"38":0,"39":0,"40":6,"41":0,"42":6,"43":6,"44":6,"45":6,"46":6,"47":6,"48":6},"f":{"0":6,"1":30,"2":15,"3":6,"4":6,"5":6,"6":52,"7":19,"8":6,"9":23,"10":23,"11":16,"12":0,"13":0,"14":6},"b":{"0":[6,0],"1":[0,6]},"inputSourceMap":null,"_coverageSchema":"1a1c01bbd47fc00a2c39e90264f33305004495a9","hash":"7ed4893bccdd59007494c41e5694af7b3d900ddb"}
,"/home/gedo/projects/backend-project-lvl4/server/helpers/index.js": {"path":"/home/gedo/projects/backend-project-lvl4/server/helpers/index.js","statementMap":{"0":{"start":{"line":6,"column":25},"end":{"line":32,"column":1}},"1":{"start":{"line":8,"column":4},"end":{"line":8,"column":43}},"2":{"start":{"line":11,"column":4},"end":{"line":11,"column":26}},"3":{"start":{"line":15,"column":4},"end":{"line":26,"column":5}},"4":{"start":{"line":19,"column":8},"end":{"line":19,"column":24}},"5":{"start":{"line":21,"column":8},"end":{"line":21,"column":25}},"6":{"start":{"line":23,"column":8},"end":{"line":23,"column":22}},"7":{"start":{"line":25,"column":8},"end":{"line":25,"column":57}},"8":{"start":{"line":29,"column":17},"end":{"line":29,"column":30}},"9":{"start":{"line":30,"column":4},"end":{"line":30,"column":33}}},"fnMap":{"0":{"name":"(anonymous_0)","decl":{"start":{"line":6,"column":15},"end":{"line":6,"column":16}},"loc":{"start":{"line":6,"column":25},"end":{"line":32,"column":1}},"line":6},"1":{"name":"(anonymous_1)","decl":{"start":{"line":7,"column":2},"end":{"line":7,"column":3}},"loc":{"start":{"line":7,"column":28},"end":{"line":9,"column":3}},"line":7},"2":{"name":"(anonymous_2)","decl":{"start":{"line":10,"column":2},"end":{"line":10,"column":3}},"loc":{"start":{"line":10,"column":9},"end":{"line":12,"column":3}},"line":10},"3":{"name":"(anonymous_3)","decl":{"start":{"line":14,"column":2},"end":{"line":14,"column":3}},"loc":{"start":{"line":14,"column":22},"end":{"line":27,"column":3}},"line":14},"4":{"name":"(anonymous_4)","decl":{"start":{"line":28,"column":2},"end":{"line":28,"column":3}},"loc":{"start":{"line":28,"column":18},"end":{"line":31,"column":3}},"line":28}},"branchMap":{"0":{"loc":{"start":{"line":15,"column":4},"end":{"line":26,"column":5}},"type":"switch","locations":[{"start":{"line":18,"column":6},"end":{"line":19,"column":24}},{"start":{"line":20,"column":6},"end":{"line":21,"column":25}},{"start":{"line":22,"column":6},"end":{"line":23,"column":22}},{"start":{"line":24,"column":6},"end":{"line":25,"column":57}}],"line":15}},"s":{"0":6,"1":116,"2":196,"3":11,"4":0,"5":11,"6":0,"7":0,"8":11,"9":11},"f":{"0":6,"1":116,"2":196,"3":11,"4":11},"b":{"0":[0,11,0,0]},"inputSourceMap":null,"_coverageSchema":"1a1c01bbd47fc00a2c39e90264f33305004495a9","hash":"d5e6fc3a9a373940b904f305f641010294b29a19"}
,"/home/gedo/projects/backend-project-lvl4/server/lib/secure.cjs": {"path":"/home/gedo/projects/backend-project-lvl4/server/lib/secure.cjs","statementMap":{"0":{"start":{"line":3,"column":15},"end":{"line":3,"column":32}},"1":{"start":{"line":8,"column":0},"end":{"line":10,"column":17}},"2":{"start":{"line":8,"column":28},"end":{"line":10,"column":16}}},"fnMap":{"0":{"name":"(anonymous_0)","decl":{"start":{"line":8,"column":17},"end":{"line":8,"column":18}},"loc":{"start":{"line":8,"column":28},"end":{"line":10,"column":16}},"line":8}},"branchMap":{},"s":{"0":6,"1":6,"2":27},"f":{"0":27},"b":{},"inputSourceMap":null,"_coverageSchema":"1a1c01bbd47fc00a2c39e90264f33305004495a9","hash":"3bd4917071187b5bf048587fc72f3b5ae18f4517"}
,"/home/gedo/projects/backend-project-lvl4/server/lib/passportStrategies/FormStrategy.js": {"path":"/home/gedo/projects/backend-project-lvl4/server/lib/passportStrategies/FormStrategy.js","statementMap":{"0":{"start":{"line":8,"column":4},"end":{"line":8,"column":16}},"1":{"start":{"line":9,"column":4},"end":{"line":9,"column":19}},"2":{"start":{"line":13,"column":4},"end":{"line":15,"column":5}},"3":{"start":{"line":14,"column":6},"end":{"line":14,"column":25}},"4":{"start":{"line":17,"column":18},"end":{"line":17,"column":57}},"5":{"start":{"line":18,"column":21},"end":{"line":18,"column":63}},"6":{"start":{"line":19,"column":23},"end":{"line":19,"column":41}},"7":{"start":{"line":20,"column":17},"end":{"line":20,"column":61}},"8":{"start":{"line":22,"column":4},"end":{"line":24,"column":5}},"9":{"start":{"line":23,"column":6},"end":{"line":23,"column":32}},"10":{"start":{"line":26,"column":4},"end":{"line":26,"column":23}}},"fnMap":{"0":{"name":"(anonymous_0)","decl":{"start":{"line":7,"column":2},"end":{"line":7,"column":3}},"loc":{"start":{"line":7,"column":25},"end":{"line":10,"column":3}},"line":7},"1":{"name":"(anonymous_1)","decl":{"start":{"line":12,"column":2},"end":{"line":12,"column":3}},"loc":{"start":{"line":12,"column":30},"end":{"line":27,"column":3}},"line":12}},"branchMap":{"0":{"loc":{"start":{"line":13,"column":4},"end":{"line":15,"column":5}},"type":"if","locations":[{"start":{"line":13,"column":4},"end":{"line":15,"column":5}},{"start":{},"end":{}}],"line":13},"1":{"loc":{"start":{"line":22,"column":4},"end":{"line":24,"column":5}},"type":"if","locations":[{"start":{"line":22,"column":4},"end":{"line":24,"column":5}},{"start":{},"end":{}}],"line":22},"2":{"loc":{"start":{"line":22,"column":8},"end":{"line":22,"column":45}},"type":"binary-expr","locations":[{"start":{"line":22,"column":8},"end":{"line":22,"column":12}},{"start":{"line":22,"column":16},"end":{"line":22,"column":45}}],"line":22}},"s":{"0":6,"1":6,"2":39,"3":16,"4":23,"5":23,"6":23,"7":23,"8":23,"9":23,"10":0},"f":{"0":6,"1":39},"b":{"0":[16,23],"1":[23,0],"2":[23,23]},"inputSourceMap":null,"_coverageSchema":"1a1c01bbd47fc00a2c39e90264f33305004495a9","hash":"61f788eb7562ef33b630753d62bcbb21e69488d0"}
,"/home/gedo/projects/backend-project-lvl4/server/locales/ru.js": {"path":"/home/gedo/projects/backend-project-lvl4/server/locales/ru.js","statementMap":{},"fnMap":{},"branchMap":{},"s":{},"f":{},"b":{},"inputSourceMap":null,"_coverageSchema":"1a1c01bbd47fc00a2c39e90264f33305004495a9","hash":"cc513a92519bc4e7816010e912753a79db1ffde7"}
,"/home/gedo/projects/backend-project-lvl4/server/migrations/20200716171734_create_users_table.js": {"path":"/home/gedo/projects/backend-project-lvl4/server/migrations/20200716171734_create_users_table.js","statementMap":{"0":{"start":{"line":3,"column":18},"end":{"line":13,"column":1}},"1":{"start":{"line":4,"column":2},"end":{"line":12,"column":4}},"2":{"start":{"line":5,"column":4},"end":{"line":5,"column":37}},"3":{"start":{"line":6,"column":4},"end":{"line":6,"column":31}},"4":{"start":{"line":7,"column":4},"end":{"line":7,"column":30}},"5":{"start":{"line":8,"column":4},"end":{"line":8,"column":26}},"6":{"start":{"line":9,"column":4},"end":{"line":9,"column":36}},"7":{"start":{"line":10,"column":4},"end":{"line":10,"column":59}},"8":{"start":{"line":11,"column":4},"end":{"line":11,"column":59}},"9":{"start":{"line":15,"column":20},"end":{"line":15,"column":60}},"10":{"start":{"line":15,"column":30},"end":{"line":15,"column":60}}},"fnMap":{"0":{"name":"(anonymous_0)","decl":{"start":{"line":3,"column":18},"end":{"line":3,"column":19}},"loc":{"start":{"line":4,"column":2},"end":{"line":12,"column":4}},"line":4},"1":{"name":"(anonymous_1)","decl":{"start":{"line":4,"column":35},"end":{"line":4,"column":36}},"loc":{"start":{"line":4,"column":46},"end":{"line":12,"column":3}},"line":4},"2":{"name":"(anonymous_2)","decl":{"start":{"line":15,"column":20},"end":{"line":15,"column":21}},"loc":{"start":{"line":15,"column":30},"end":{"line":15,"column":60}},"line":15}},"branchMap":{},"s":{"0":5,"1":5,"2":5,"3":5,"4":5,"5":5,"6":5,"7":5,"8":5,"9":5,"10":0},"f":{"0":5,"1":5,"2":0},"b":{},"inputSourceMap":null,"_coverageSchema":"1a1c01bbd47fc00a2c39e90264f33305004495a9","hash":"6cf081bec1b8b4c0dcde9672f622de0f79a1c2e2"}
,"/home/gedo/projects/backend-project-lvl4/server/migrations/20220321142357_create_statuses_table.js": {"path":"/home/gedo/projects/backend-project-lvl4/server/migrations/20220321142357_create_statuses_table.js","statementMap":{"0":{"start":{"line":1,"column":18},"end":{"line":8,"column":1}},"1":{"start":{"line":2,"column":2},"end":{"line":7,"column":4}},"2":{"start":{"line":3,"column":4},"end":{"line":3,"column":37}},"3":{"start":{"line":4,"column":4},"end":{"line":4,"column":25}},"4":{"start":{"line":5,"column":4},"end":{"line":5,"column":59}},"5":{"start":{"line":6,"column":4},"end":{"line":6,"column":59}},"6":{"start":{"line":10,"column":20},"end":{"line":10,"column":63}},"7":{"start":{"line":10,"column":30},"end":{"line":10,"column":63}}},"fnMap":{"0":{"name":"(anonymous_0)","decl":{"start":{"line":1,"column":18},"end":{"line":1,"column":19}},"loc":{"start":{"line":2,"column":2},"end":{"line":7,"column":4}},"line":2},"1":{"name":"(anonymous_1)","decl":{"start":{"line":2,"column":38},"end":{"line":2,"column":39}},"loc":{"start":{"line":2,"column":49},"end":{"line":7,"column":3}},"line":2},"2":{"name":"(anonymous_2)","decl":{"start":{"line":10,"column":20},"end":{"line":10,"column":21}},"loc":{"start":{"line":10,"column":30},"end":{"line":10,"column":63}},"line":10}},"branchMap":{},"s":{"0":5,"1":5,"2":5,"3":5,"4":5,"5":5,"6":5,"7":0},"f":{"0":5,"1":5,"2":0},"b":{},"inputSourceMap":null,"_coverageSchema":"1a1c01bbd47fc00a2c39e90264f33305004495a9","hash":"007b88976078fea61646f8f4ea8f18b646f48355"}
,"/home/gedo/projects/backend-project-lvl4/server/migrations/20220323141134_create_tasks_table.js": {"path":"/home/gedo/projects/backend-project-lvl4/server/migrations/20220323141134_create_tasks_table.js","statementMap":{"0":{"start":{"line":1,"column":18},"end":{"line":15,"column":1}},"1":{"start":{"line":2,"column":2},"end":{"line":14,"column":4}},"2":{"start":{"line":3,"column":4},"end":{"line":3,"column":37}},"3":{"start":{"line":4,"column":4},"end":{"line":4,"column":25}},"4":{"start":{"line":5,"column":4},"end":{"line":5,"column":32}},"5":{"start":{"line":6,"column":4},"end":{"line":7,"column":27}},"6":{"start":{"line":8,"column":4},"end":{"line":9,"column":24}},"7":{"start":{"line":10,"column":4},"end":{"line":11,"column":24}},"8":{"start":{"line":12,"column":4},"end":{"line":12,"column":59}},"9":{"start":{"line":13,"column":4},"end":{"line":13,"column":59}},"10":{"start":{"line":17,"column":20},"end":{"line":17,"column":60}},"11":{"start":{"line":17,"column":30},"end":{"line":17,"column":60}}},"fnMap":{"0":{"name":"(anonymous_0)","decl":{"start":{"line":1,"column":18},"end":{"line":1,"column":19}},"loc":{"start":{"line":2,"column":2},"end":{"line":14,"column":4}},"line":2},"1":{"name":"(anonymous_1)","decl":{"start":{"line":2,"column":35},"end":{"line":2,"column":36}},"loc":{"start":{"line":2,"column":46},"end":{"line":14,"column":3}},"line":2},"2":{"name":"(anonymous_2)","decl":{"start":{"line":17,"column":20},"end":{"line":17,"column":21}},"loc":{"start":{"line":17,"column":30},"end":{"line":17,"column":60}},"line":17}},"branchMap":{},"s":{"0":5,"1":5,"2":5,"3":5,"4":5,"5":5,"6":5,"7":5,"8":5,"9":5,"10":5,"11":0},"f":{"0":5,"1":5,"2":0},"b":{},"inputSourceMap":null,"_coverageSchema":"1a1c01bbd47fc00a2c39e90264f33305004495a9","hash":"05e5187d3c79345f72e800ec6d986cd55e168720"}
,"/home/gedo/projects/backend-project-lvl4/server/migrations/20220327171806_create_labels_table.js": {"path":"/home/gedo/projects/backend-project-lvl4/server/migrations/20220327171806_create_labels_table.js","statementMap":{"0":{"start":{"line":1,"column":18},"end":{"line":8,"column":1}},"1":{"start":{"line":2,"column":2},"end":{"line":7,"column":4}},"2":{"start":{"line":3,"column":4},"end":{"line":3,"column":37}},"3":{"start":{"line":4,"column":4},"end":{"line":4,"column":25}},"4":{"start":{"line":5,"column":4},"end":{"line":5,"column":59}},"5":{"start":{"line":6,"column":4},"end":{"line":6,"column":59}},"6":{"start":{"line":10,"column":20},"end":{"line":10,"column":61}},"7":{"start":{"line":10,"column":30},"end":{"line":10,"column":61}}},"fnMap":{"0":{"name":"(anonymous_0)","decl":{"start":{"line":1,"column":18},"end":{"line":1,"column":19}},"loc":{"start":{"line":2,"column":2},"end":{"line":7,"column":4}},"line":2},"1":{"name":"(anonymous_1)","decl":{"start":{"line":2,"column":36},"end":{"line":2,"column":37}},"loc":{"start":{"line":2,"column":47},"end":{"line":7,"column":3}},"line":2},"2":{"name":"(anonymous_2)","decl":{"start":{"line":10,"column":20},"end":{"line":10,"column":21}},"loc":{"start":{"line":10,"column":30},"end":{"line":10,"column":61}},"line":10}},"branchMap":{},"s":{"0":5,"1":5,"2":5,"3":5,"4":5,"5":5,"6":5,"7":0},"f":{"0":5,"1":5,"2":0},"b":{},"inputSourceMap":null,"_coverageSchema":"1a1c01bbd47fc00a2c39e90264f33305004495a9","hash":"8142e3fcbc0e13db2e0340f066b5ecab8a6612cc"}
,"/home/gedo/projects/backend-project-lvl4/server/migrations/20220327172434_create_task_labels_table.js": {"path":"/home/gedo/projects/backend-project-lvl4/server/migrations/20220327172434_create_task_labels_table.js","statementMap":{"0":{"start":{"line":1,"column":18},"end":{"line":11,"column":1}},"1":{"start":{"line":2,"column":2},"end":{"line":10,"column":4}},"2":{"start":{"line":3,"column":4},"end":{"line":3,"column":37}},"3":{"start":{"line":4,"column":4},"end":{"line":5,"column":24}},"4":{"start":{"line":6,"column":4},"end":{"line":7,"column":25}},"5":{"start":{"line":8,"column":4},"end":{"line":8,"column":59}},"6":{"start":{"line":9,"column":4},"end":{"line":9,"column":59}},"7":{"start":{"line":13,"column":20},"end":{"line":13,"column":66}},"8":{"start":{"line":13,"column":30},"end":{"line":13,"column":66}}},"fnMap":{"0":{"name":"(anonymous_0)","decl":{"start":{"line":1,"column":18},"end":{"line":1,"column":19}},"loc":{"start":{"line":2,"column":2},"end":{"line":10,"column":4}},"line":2},"1":{"name":"(anonymous_1)","decl":{"start":{"line":2,"column":41},"end":{"line":2,"column":42}},"loc":{"start":{"line":2,"column":52},"end":{"line":10,"column":3}},"line":2},"2":{"name":"(anonymous_2)","decl":{"start":{"line":13,"column":20},"end":{"line":13,"column":21}},"loc":{"start":{"line":13,"column":30},"end":{"line":13,"column":66}},"line":13}},"branchMap":{},"s":{"0":5,"1":5,"2":5,"3":5,"4":5,"5":5,"6":5,"7":5,"8":0},"f":{"0":5,"1":5,"2":0},"b":{},"inputSourceMap":null,"_coverageSchema":"1a1c01bbd47fc00a2c39e90264f33305004495a9","hash":"a47c52f18fe8ca152808466da75c1a170d737ad0"}
,"/home/gedo/projects/backend-project-lvl4/server/models/BaseModel.cjs": {"path":"/home/gedo/projects/backend-project-lvl4/server/models/BaseModel.cjs","statementMap":{"0":{"start":{"line":3,"column":18},"end":{"line":3,"column":38}},"1":{"start":{"line":5,"column":0},"end":{"line":9,"column":1}},"2":{"start":{"line":7,"column":4},"end":{"line":7,"column":23}}},"fnMap":{"0":{"name":"(anonymous_0)","decl":{"start":{"line":6,"column":2},"end":{"line":6,"column":3}},"loc":{"start":{"line":6,"column":26},"end":{"line":8,"column":3}},"line":6}},"branchMap":{},"s":{"0":6,"1":6,"2":8},"f":{"0":8},"b":{},"inputSourceMap":null,"_coverageSchema":"1a1c01bbd47fc00a2c39e90264f33305004495a9","hash":"30d7e6e0ef03602d462ead92f1c5b435982a28b2"}
,"/home/gedo/projects/backend-project-lvl4/server/models/Task.cjs": {"path":"/home/gedo/projects/backend-project-lvl4/server/models/Task.cjs","statementMap":{"0":{"start":{"line":3,"column":18},"end":{"line":3,"column":44}},"1":{"start":{"line":5,"column":0},"end":{"line":90,"column":1}},"2":{"start":{"line":7,"column":4},"end":{"line":7,"column":19}},"3":{"start":{"line":11,"column":4},"end":{"line":22,"column":6}},"4":{"start":{"line":26,"column":4},"end":{"line":63,"column":6}},"5":{"start":{"line":67,"column":4},"end":{"line":88,"column":6}},"6":{"start":{"line":69,"column":8},"end":{"line":71,"column":9}},"7":{"start":{"line":70,"column":10},"end":{"line":70,"column":38}},"8":{"start":{"line":74,"column":8},"end":{"line":76,"column":9}},"9":{"start":{"line":75,"column":10},"end":{"line":75,"column":36}},"10":{"start":{"line":79,"column":8},"end":{"line":81,"column":9}},"11":{"start":{"line":80,"column":10},"end":{"line":80,"column":35}},"12":{"start":{"line":84,"column":8},"end":{"line":86,"column":9}},"13":{"start":{"line":85,"column":10},"end":{"line":85,"column":36}}},"fnMap":{"0":{"name":"(anonymous_0)","decl":{"start":{"line":6,"column":2},"end":{"line":6,"column":3}},"loc":{"start":{"line":6,"column":25},"end":{"line":8,"column":3}},"line":6},"1":{"name":"(anonymous_1)","decl":{"start":{"line":10,"column":2},"end":{"line":10,"column":3}},"loc":{"start":{"line":10,"column":26},"end":{"line":23,"column":3}},"line":10},"2":{"name":"(anonymous_2)","decl":{"start":{"line":25,"column":2},"end":{"line":25,"column":3}},"loc":{"start":{"line":25,"column":32},"end":{"line":64,"column":3}},"line":25},"3":{"name":"(anonymous_3)","decl":{"start":{"line":66,"column":2},"end":{"line":66,"column":3}},"loc":{"start":{"line":66,"column":25},"end":{"line":89,"column":3}},"line":66},"4":{"name":"(anonymous_4)","decl":{"start":{"line":68,"column":6},"end":{"line":68,"column":7}},"loc":{"start":{"line":68,"column":40},"end":{"line":72,"column":7}},"line":68},"5":{"name":"(anonymous_5)","decl":{"start":{"line":73,"column":6},"end":{"line":73,"column":7}},"loc":{"start":{"line":73,"column":36},"end":{"line":77,"column":7}},"line":73},"6":{"name":"(anonymous_6)","decl":{"start":{"line":78,"column":6},"end":{"line":78,"column":7}},"loc":{"start":{"line":78,"column":34},"end":{"line":82,"column":7}},"line":78},"7":{"name":"(anonymous_7)","decl":{"start":{"line":83,"column":6},"end":{"line":83,"column":7}},"loc":{"start":{"line":83,"column":38},"end":{"line":87,"column":7}},"line":83}},"branchMap":{"0":{"loc":{"start":{"line":69,"column":8},"end":{"line":71,"column":9}},"type":"if","locations":[{"start":{"line":69,"column":8},"end":{"line":71,"column":9}},{"start":{},"end":{}}],"line":69},"1":{"loc":{"start":{"line":74,"column":8},"end":{"line":76,"column":9}},"type":"if","locations":[{"start":{"line":74,"column":8},"end":{"line":76,"column":9}},{"start":{},"end":{}}],"line":74},"2":{"loc":{"start":{"line":79,"column":8},"end":{"line":81,"column":9}},"type":"if","locations":[{"start":{"line":79,"column":8},"end":{"line":81,"column":9}},{"start":{},"end":{}}],"line":79},"3":{"loc":{"start":{"line":84,"column":8},"end":{"line":86,"column":9}},"type":"if","locations":[{"start":{"line":84,"column":8},"end":{"line":86,"column":9}},{"start":{},"end":{}}],"line":84}},"s":{"0":6,"1":6,"2":158,"3":4,"4":1,"5":4,"6":1,"7":0,"8":1,"9":0,"10":1,"11":0,"12":1,"13":0},"f":{"0":158,"1":4,"2":1,"3":4,"4":1,"5":1,"6":1,"7":1},"b":{"0":[0,1],"1":[0,1],"2":[0,1],"3":[0,1]},"inputSourceMap":null,"_coverageSchema":"1a1c01bbd47fc00a2c39e90264f33305004495a9","hash":"c5395f88cf52009c82649fe0924ed7bb3840054c"}
,"/home/gedo/projects/backend-project-lvl4/server/models/TaskLabel.cjs": {"path":"/home/gedo/projects/backend-project-lvl4/server/models/TaskLabel.cjs","statementMap":{"0":{"start":{"line":1,"column":24},"end":{"line":1,"column":51}},"1":{"start":{"line":2,"column":18},"end":{"line":2,"column":44}},"2":{"start":{"line":4,"column":15},"end":{"line":4,"column":52}},"3":{"start":{"line":6,"column":0},"end":{"line":38,"column":1}},"4":{"start":{"line":8,"column":4},"end":{"line":8,"column":20}},"5":{"start":{"line":12,"column":4},"end":{"line":19,"column":6}},"6":{"start":{"line":23,"column":4},"end":{"line":36,"column":6}}},"fnMap":{"0":{"name":"(anonymous_0)","decl":{"start":{"line":7,"column":2},"end":{"line":7,"column":3}},"loc":{"start":{"line":7,"column":25},"end":{"line":9,"column":3}},"line":7},"1":{"name":"(anonymous_1)","decl":{"start":{"line":11,"column":2},"end":{"line":11,"column":3}},"loc":{"start":{"line":11,"column":26},"end":{"line":20,"column":3}},"line":11},"2":{"name":"(anonymous_2)","decl":{"start":{"line":22,"column":2},"end":{"line":22,"column":3}},"loc":{"start":{"line":22,"column":32},"end":{"line":37,"column":3}},"line":22}},"branchMap":{},"s":{"0":6,"1":6,"2":6,"3":6,"4":138,"5":2,"6":1},"f":{"0":138,"1":2,"2":1},"b":{},"inputSourceMap":null,"_coverageSchema":"1a1c01bbd47fc00a2c39e90264f33305004495a9","hash":"8273f8772cb1981b425a7d990220758701ecc18a"}
,"/home/gedo/projects/backend-project-lvl4/server/models/TaskStatus.cjs": {"path":"/home/gedo/projects/backend-project-lvl4/server/models/TaskStatus.cjs","statementMap":{"0":{"start":{"line":3,"column":24},"end":{"line":3,"column":51}},"1":{"start":{"line":4,"column":18},"end":{"line":4,"column":44}},"2":{"start":{"line":6,"column":15},"end":{"line":6,"column":52}},"3":{"start":{"line":8,"column":0},"end":{"line":36,"column":1}},"4":{"start":{"line":10,"column":4},"end":{"line":10,"column":22}},"5":{"start":{"line":14,"column":4},"end":{"line":21,"column":6}},"6":{"start":{"line":25,"column":4},"end":{"line":34,"column":6}}},"fnMap":{"0":{"name":"(anonymous_0)","decl":{"start":{"line":9,"column":2},"end":{"line":9,"column":3}},"loc":{"start":{"line":9,"column":25},"end":{"line":11,"column":3}},"line":9},"1":{"name":"(anonymous_1)","decl":{"start":{"line":13,"column":2},"end":{"line":13,"column":3}},"loc":{"start":{"line":13,"column":26},"end":{"line":22,"column":3}},"line":13},"2":{"name":"(anonymous_2)","decl":{"start":{"line":24,"column":2},"end":{"line":24,"column":3}},"loc":{"start":{"line":24,"column":32},"end":{"line":35,"column":3}},"line":24}},"branchMap":{},"s":{"0":6,"1":6,"2":6,"3":6,"4":110,"5":2,"6":1},"f":{"0":110,"1":2,"2":1},"b":{},"inputSourceMap":null,"_coverageSchema":"1a1c01bbd47fc00a2c39e90264f33305004495a9","hash":"89c3f78077bcad121f338590a9af64ec4619c7a0"}
,"/home/gedo/projects/backend-project-lvl4/server/models/User.cjs": {"path":"/home/gedo/projects/backend-project-lvl4/server/models/User.cjs","statementMap":{"0":{"start":{"line":3,"column":24},"end":{"line":3,"column":51}},"1":{"start":{"line":4,"column":16},"end":{"line":4,"column":44}},"2":{"start":{"line":5,"column":18},"end":{"line":5,"column":44}},"3":{"start":{"line":7,"column":15},"end":{"line":7,"column":53}},"4":{"start":{"line":9,"column":0},"end":{"line":60,"column":2}},"5":{"start":{"line":11,"column":4},"end":{"line":11,"column":19}},"6":{"start":{"line":15,"column":4},"end":{"line":25,"column":6}},"7":{"start":{"line":29,"column":4},"end":{"line":29,"column":41}},"8":{"start":{"line":33,"column":4},"end":{"line":33,"column":48}},"9":{"start":{"line":37,"column":4},"end":{"line":37,"column":53}},"10":{"start":{"line":41,"column":4},"end":{"line":58,"column":6}}},"fnMap":{"0":{"name":"(anonymous_0)","decl":{"start":{"line":10,"column":2},"end":{"line":10,"column":3}},"loc":{"start":{"line":10,"column":25},"end":{"line":12,"column":3}},"line":10},"1":{"name":"(anonymous_1)","decl":{"start":{"line":14,"column":2},"end":{"line":14,"column":3}},"loc":{"start":{"line":14,"column":26},"end":{"line":26,"column":3}},"line":14},"2":{"name":"(anonymous_2)","decl":{"start":{"line":28,"column":2},"end":{"line":28,"column":3}},"loc":{"start":{"line":28,"column":22},"end":{"line":30,"column":3}},"line":28},"3":{"name":"(anonymous_3)","decl":{"start":{"line":32,"column":2},"end":{"line":32,"column":3}},"loc":{"start":{"line":32,"column":13},"end":{"line":34,"column":3}},"line":32},"4":{"name":"(anonymous_4)","decl":{"start":{"line":36,"column":2},"end":{"line":36,"column":3}},"loc":{"start":{"line":36,"column":27},"end":{"line":38,"column":3}},"line":36},"5":{"name":"(anonymous_5)","decl":{"start":{"line":40,"column":2},"end":{"line":40,"column":3}},"loc":{"start":{"line":40,"column":32},"end":{"line":59,"column":3}},"line":40}},"branchMap":{},"s":{"0":6,"1":6,"2":6,"3":6,"4":6,"5":325,"6":5,"7":2,"8":31,"9":23,"10":1},"f":{"0":325,"1":5,"2":2,"3":31,"4":23,"5":1},"b":{},"inputSourceMap":null,"_coverageSchema":"1a1c01bbd47fc00a2c39e90264f33305004495a9","hash":"6c6cc9b0a3d93bd326c087f5dcc078e93deda279"}
,"/home/gedo/projects/backend-project-lvl4/server/models/index.js": {"path":"/home/gedo/projects/backend-project-lvl4/server/models/index.js","statementMap":{},"fnMap":{},"branchMap":{},"s":{},"f":{},"b":{},"inputSourceMap":null,"_coverageSchema":"1a1c01bbd47fc00a2c39e90264f33305004495a9","hash":"5b9b0937efecb8de6de0e55e2073a3126422d94c"}
,"/home/gedo/projects/backend-project-lvl4/server/routes/index.js": {"path":"/home/gedo/projects/backend-project-lvl4/server/routes/index.js","statementMap":{"0":{"start":{"line":10,"column":20},"end":{"line":17,"column":1}},"1":{"start":{"line":19,"column":24},"end":{"line":19,"column":58}},"2":{"start":{"line":19,"column":51},"end":{"line":19,"column":57}}},"fnMap":{"0":{"name":"(anonymous_0)","decl":{"start":{"line":19,"column":15},"end":{"line":19,"column":16}},"loc":{"start":{"line":19,"column":24},"end":{"line":19,"column":58}},"line":19},"1":{"name":"(anonymous_1)","decl":{"start":{"line":19,"column":44},"end":{"line":19,"column":45}},"loc":{"start":{"line":19,"column":51},"end":{"line":19,"column":57}},"line":19}},"branchMap":{},"s":{"0":6,"1":6,"2":36},"f":{"0":6,"1":36},"b":{},"inputSourceMap":null,"_coverageSchema":"1a1c01bbd47fc00a2c39e90264f33305004495a9","hash":"ddf5155fa3ea5b3a80a56e0184f4aa35a5a4d376"}
,"/home/gedo/projects/backend-project-lvl4/server/routes/labels.js": {"path":"/home/gedo/projects/backend-project-lvl4/server/routes/labels.js","statementMap":{"0":{"start":{"line":7,"column":2},"end":{"line":98,"column":6}},"1":{"start":{"line":12,"column":27},"end":{"line":12,"column":71}},"2":{"start":{"line":14,"column":8},"end":{"line":14,"column":53}},"3":{"start":{"line":15,"column":8},"end":{"line":15,"column":21}},"4":{"start":{"line":22,"column":26},"end":{"line":22,"column":62}},"5":{"start":{"line":24,"column":8},"end":{"line":24,"column":50}},"6":{"start":{"line":25,"column":8},"end":{"line":25,"column":21}},"7":{"start":{"line":32,"column":36},"end":{"line":32,"column":46}},"8":{"start":{"line":33,"column":26},"end":{"line":33,"column":92}},"9":{"start":{"line":35,"column":8},"end":{"line":35,"column":51}},"10":{"start":{"line":36,"column":8},"end":{"line":36,"column":21}},"11":{"start":{"line":43,"column":25},"end":{"line":43,"column":33}},"12":{"start":{"line":45,"column":8},"end":{"line":54,"column":9}},"13":{"start":{"line":46,"column":10},"end":{"line":46,"column":68}},"14":{"start":{"line":48,"column":10},"end":{"line":48,"column":73}},"15":{"start":{"line":49,"column":10},"end":{"line":49,"column":61}},"16":{"start":{"line":51,"column":10},"end":{"line":51,"column":69}},"17":{"start":{"line":52,"column":10},"end":{"line":52,"column":76}},"18":{"start":{"line":53,"column":10},"end":{"line":53,"column":23}},"19":{"start":{"line":61,"column":36},"end":{"line":61,"column":46}},"20":{"start":{"line":62,"column":25},"end":{"line":62,"column":33}},"21":{"start":{"line":64,"column":26},"end":{"line":64,"column":92}},"22":{"start":{"line":65,"column":8},"end":{"line":76,"column":9}},"23":{"start":{"line":66,"column":10},"end":{"line":66,"column":47}},"24":{"start":{"line":68,"column":10},"end":{"line":68,"column":71}},"25":{"start":{"line":69,"column":10},"end":{"line":69,"column":61}},"26":{"start":{"line":71,"column":10},"end":{"line":71,"column":31}},"27":{"start":{"line":73,"column":10},"end":{"line":73,"column":67}},"28":{"start":{"line":74,"column":10},"end":{"line":74,"column":71}},"29":{"start":{"line":75,"column":10},"end":{"line":75,"column":23}},"30":{"start":{"line":83,"column":36},"end":{"line":83,"column":46}},"31":{"start":{"line":85,"column":26},"end":{"line":85,"column":92}},"32":{"start":{"line":86,"column":22},"end":{"line":86,"column":60}},"33":{"start":{"line":88,"column":8},"end":{"line":94,"column":9}},"34":{"start":{"line":89,"column":10},"end":{"line":89,"column":59}},"35":{"start":{"line":91,"column":10},"end":{"line":91,"column":73}},"36":{"start":{"line":93,"column":10},"end":{"line":93,"column":69}},"37":{"start":{"line":96,"column":8},"end":{"line":96,"column":59}}},"fnMap":{"0":{"name":"(anonymous_0)","decl":{"start":{"line":6,"column":15},"end":{"line":6,"column":16}},"loc":{"start":{"line":6,"column":24},"end":{"line":99,"column":1}},"line":6},"1":{"name":"(anonymous_1)","decl":{"start":{"line":11,"column":6},"end":{"line":11,"column":7}},"loc":{"start":{"line":11,"column":28},"end":{"line":16,"column":7}},"line":11},"2":{"name":"(anonymous_2)","decl":{"start":{"line":21,"column":6},"end":{"line":21,"column":7}},"loc":{"start":{"line":21,"column":28},"end":{"line":26,"column":7}},"line":21},"3":{"name":"(anonymous_3)","decl":{"start":{"line":31,"column":6},"end":{"line":31,"column":7}},"loc":{"start":{"line":31,"column":28},"end":{"line":37,"column":7}},"line":31},"4":{"name":"(anonymous_4)","decl":{"start":{"line":42,"column":6},"end":{"line":42,"column":7}},"loc":{"start":{"line":42,"column":28},"end":{"line":55,"column":7}},"line":42},"5":{"name":"(anonymous_5)","decl":{"start":{"line":60,"column":6},"end":{"line":60,"column":7}},"loc":{"start":{"line":60,"column":28},"end":{"line":77,"column":7}},"line":60},"6":{"name":"(anonymous_6)","decl":{"start":{"line":82,"column":6},"end":{"line":82,"column":7}},"loc":{"start":{"line":82,"column":28},"end":{"line":97,"column":7}},"line":82}},"branchMap":{"0":{"loc":{"start":{"line":88,"column":8},"end":{"line":94,"column":9}},"type":"if","locations":[{"start":{"line":88,"column":8},"end":{"line":94,"column":9}},{"start":{"line":92,"column":15},"end":{"line":94,"column":9}}],"line":88}},"s":{"0":6,"1":1,"2":1,"3":1,"4":1,"5":1,"6":1,"7":1,"8":1,"9":1,"10":1,"11":1,"12":1,"13":1,"14":1,"15":1,"16":0,"17":0,"18":0,"19":1,"20":1,"21":1,"22":1,"23":1,"24":1,"25":1,"26":0,"27":0,"28":0,"29":0,"30":1,"31":1,"32":1,"33":1,"34":1,"35":1,"36":0,"37":1},"f":{"0":6,"1":1,"2":1,"3":1,"4":1,"5":1,"6":1},"b":{"0":[1,0]},"inputSourceMap":null,"_coverageSchema":"1a1c01bbd47fc00a2c39e90264f33305004495a9","hash":"5705d8f08c73f6e2677f454b106a8a5a8f8b0be5"}
,"/home/gedo/projects/backend-project-lvl4/server/routes/session.js": {"path":"/home/gedo/projects/backend-project-lvl4/server/routes/session.js","statementMap":{"0":{"start":{"line":6,"column":2},"end":{"line":30,"column":7}},"1":{"start":{"line":8,"column":25},"end":{"line":8,"column":27}},"2":{"start":{"line":9,"column":6},"end":{"line":9,"column":50}},"3":{"start":{"line":12,"column":6},"end":{"line":14,"column":7}},"4":{"start":{"line":13,"column":8},"end":{"line":13,"column":55}},"5":{"start":{"line":15,"column":6},"end":{"line":21,"column":7}},"6":{"start":{"line":16,"column":27},"end":{"line":16,"column":40}},"7":{"start":{"line":17,"column":23},"end":{"line":19,"column":9}},"8":{"start":{"line":20,"column":8},"end":{"line":20,"column":67}},"9":{"start":{"line":22,"column":6},"end":{"line":22,"column":28}},"10":{"start":{"line":23,"column":6},"end":{"line":23,"column":70}},"11":{"start":{"line":24,"column":6},"end":{"line":24,"column":55}},"12":{"start":{"line":27,"column":6},"end":{"line":27,"column":19}},"13":{"start":{"line":28,"column":6},"end":{"line":28,"column":67}},"14":{"start":{"line":29,"column":6},"end":{"line":29,"column":48}}},"fnMap":{"0":{"name":"(anonymous_0)","decl":{"start":{"line":5,"column":15},"end":{"line":5,"column":16}},"loc":{"start":{"line":5,"column":24},"end":{"line":31,"column":1}},"line":5},"1":{"name":"(anonymous_1)","decl":{"start":{"line":7,"column":52},"end":{"line":7,"column":53}},"loc":{"start":{"line":7,"column":68},"end":{"line":10,"column":5}},"line":7},"2":{"name":"(anonymous_2)","decl":{"start":{"line":11,"column":78},"end":{"line":11,"column":79}},"loc":{"start":{"line":11,"column":111},"end":{"line":25,"column":5}},"line":11},"3":{"name":"(anonymous_3)","decl":{"start":{"line":26,"column":53},"end":{"line":26,"column":54}},"loc":{"start":{"line":26,"column":69},"end":{"line":30,"column":5}},"line":26}},"branchMap":{"0":{"loc":{"start":{"line":12,"column":6},"end":{"line":14,"column":7}},"type":"if","locations":[{"start":{"line":12,"column":6},"end":{"line":14,"column":7}},{"start":{},"end":{}}],"line":12},"1":{"loc":{"start":{"line":15,"column":6},"end":{"line":21,"column":7}},"type":"if","locations":[{"start":{"line":15,"column":6},"end":{"line":21,"column":7}},{"start":{},"end":{}}],"line":15}},"s":{"0":6,"1":1,"2":1,"3":23,"4":0,"5":23,"6":0,"7":0,"8":0,"9":23,"10":23,"11":23,"12":1,"13":1,"14":1},"f":{"0":6,"1":1,"2":23,"3":1},"b":{"0":[0,23],"1":[0,23]},"inputSourceMap":null,"_coverageSchema":"1a1c01bbd47fc00a2c39e90264f33305004495a9","hash":"b93843560bd82c4aeab8749b7a93ebd036dae7a3"}
,"/home/gedo/projects/backend-project-lvl4/server/routes/statuses.js": {"path":"/home/gedo/projects/backend-project-lvl4/server/routes/statuses.js","statementMap":{"0":{"start":{"line":7,"column":2},"end":{"line":94,"column":6}},"1":{"start":{"line":12,"column":29},"end":{"line":12,"column":74}},"2":{"start":{"line":13,"column":8},"end":{"line":13,"column":57}},"3":{"start":{"line":14,"column":8},"end":{"line":14,"column":21}},"4":{"start":{"line":21,"column":27},"end":{"line":21,"column":64}},"5":{"start":{"line":22,"column":8},"end":{"line":22,"column":53}},"6":{"start":{"line":23,"column":8},"end":{"line":23,"column":21}},"7":{"start":{"line":30,"column":23},"end":{"line":30,"column":33}},"8":{"start":{"line":32,"column":27},"end":{"line":32,"column":85}},"9":{"start":{"line":33,"column":8},"end":{"line":33,"column":54}},"10":{"start":{"line":34,"column":8},"end":{"line":34,"column":21}},"11":{"start":{"line":41,"column":25},"end":{"line":41,"column":33}},"12":{"start":{"line":43,"column":8},"end":{"line":52,"column":9}},"13":{"start":{"line":44,"column":10},"end":{"line":44,"column":69}},"14":{"start":{"line":46,"column":10},"end":{"line":46,"column":75}},"15":{"start":{"line":47,"column":10},"end":{"line":47,"column":63}},"16":{"start":{"line":49,"column":10},"end":{"line":49,"column":71}},"17":{"start":{"line":50,"column":10},"end":{"line":50,"column":79}},"18":{"start":{"line":51,"column":10},"end":{"line":51,"column":23}},"19":{"start":{"line":59,"column":23},"end":{"line":59,"column":33}},"20":{"start":{"line":60,"column":25},"end":{"line":60,"column":33}},"21":{"start":{"line":62,"column":27},"end":{"line":62,"column":85}},"22":{"start":{"line":63,"column":8},"end":{"line":74,"column":9}},"23":{"start":{"line":64,"column":10},"end":{"line":64,"column":48}},"24":{"start":{"line":66,"column":10},"end":{"line":66,"column":73}},"25":{"start":{"line":67,"column":10},"end":{"line":67,"column":63}},"26":{"start":{"line":69,"column":10},"end":{"line":69,"column":32}},"27":{"start":{"line":71,"column":10},"end":{"line":71,"column":69}},"28":{"start":{"line":72,"column":10},"end":{"line":72,"column":64}},"29":{"start":{"line":73,"column":10},"end":{"line":73,"column":23}},"30":{"start":{"line":81,"column":23},"end":{"line":81,"column":33}},"31":{"start":{"line":82,"column":27},"end":{"line":82,"column":85}},"32":{"start":{"line":83,"column":22},"end":{"line":83,"column":61}},"33":{"start":{"line":85,"column":8},"end":{"line":90,"column":9}},"34":{"start":{"line":86,"column":10},"end":{"line":86,"column":51}},"35":{"start":{"line":87,"column":10},"end":{"line":87,"column":75}},"36":{"start":{"line":89,"column":10},"end":{"line":89,"column":71}},"37":{"start":{"line":92,"column":8},"end":{"line":92,"column":61}}},"fnMap":{"0":{"name":"(anonymous_0)","decl":{"start":{"line":6,"column":15},"end":{"line":6,"column":16}},"loc":{"start":{"line":6,"column":24},"end":{"line":95,"column":1}},"line":6},"1":{"name":"(anonymous_1)","decl":{"start":{"line":11,"column":6},"end":{"line":11,"column":7}},"loc":{"start":{"line":11,"column":28},"end":{"line":15,"column":7}},"line":11},"2":{"name":"(anonymous_2)","decl":{"start":{"line":20,"column":6},"end":{"line":20,"column":7}},"loc":{"start":{"line":20,"column":28},"end":{"line":24,"column":7}},"line":20},"3":{"name":"(anonymous_3)","decl":{"start":{"line":29,"column":6},"end":{"line":29,"column":7}},"loc":{"start":{"line":29,"column":28},"end":{"line":35,"column":7}},"line":29},"4":{"name":"(anonymous_4)","decl":{"start":{"line":40,"column":6},"end":{"line":40,"column":7}},"loc":{"start":{"line":40,"column":28},"end":{"line":53,"column":7}},"line":40},"5":{"name":"(anonymous_5)","decl":{"start":{"line":58,"column":6},"end":{"line":58,"column":7}},"loc":{"start":{"line":58,"column":28},"end":{"line":75,"column":7}},"line":58},"6":{"name":"(anonymous_6)","decl":{"start":{"line":80,"column":6},"end":{"line":80,"column":7}},"loc":{"start":{"line":80,"column":28},"end":{"line":93,"column":7}},"line":80}},"branchMap":{"0":{"loc":{"start":{"line":85,"column":8},"end":{"line":90,"column":9}},"type":"if","locations":[{"start":{"line":85,"column":8},"end":{"line":90,"column":9}},{"start":{"line":88,"column":15},"end":{"line":90,"column":9}}],"line":85}},"s":{"0":6,"1":1,"2":1,"3":1,"4":1,"5":1,"6":1,"7":1,"8":1,"9":1,"10":1,"11":1,"12":1,"13":1,"14":1,"15":1,"16":0,"17":0,"18":0,"19":1,"20":1,"21":1,"22":1,"23":1,"24":1,"25":1,"26":0,"27":0,"28":0,"29":0,"30":1,"31":1,"32":1,"33":1,"34":1,"35":1,"36":0,"37":1},"f":{"0":6,"1":1,"2":1,"3":1,"4":1,"5":1,"6":1},"b":{"0":[1,0]},"inputSourceMap":null,"_coverageSchema":"1a1c01bbd47fc00a2c39e90264f33305004495a9","hash":"93d98daaa0223bb4090d978cfd26fde212ada896"}
,"/home/gedo/projects/backend-project-lvl4/server/routes/tasks.js": {"path":"/home/gedo/projects/backend-project-lvl4/server/routes/tasks.js","statementMap":{"0":{"start":{"line":7,"column":2},"end":{"line":199,"column":6}},"1":{"start":{"line":17,"column":12},"end":{"line":17,"column":21}},"2":{"start":{"line":19,"column":27},"end":{"line":25,"column":65}},"3":{"start":{"line":27,"column":61},"end":{"line":32,"column":10}},"4":{"start":{"line":33,"column":8},"end":{"line":35,"column":11}},"5":{"start":{"line":36,"column":8},"end":{"line":36,"column":21}},"6":{"start":{"line":43,"column":21},"end":{"line":43,"column":52}},"7":{"start":{"line":44,"column":50},"end":{"line":48,"column":10}},"8":{"start":{"line":50,"column":8},"end":{"line":52,"column":11}},"9":{"start":{"line":53,"column":8},"end":{"line":53,"column":21}},"10":{"start":{"line":60,"column":31},"end":{"line":60,"column":41}},"11":{"start":{"line":61,"column":21},"end":{"line":64,"column":27}},"12":{"start":{"line":66,"column":8},"end":{"line":66,"column":45}},"13":{"start":{"line":67,"column":8},"end":{"line":67,"column":21}},"14":{"start":{"line":74,"column":31},"end":{"line":74,"column":41}},"15":{"start":{"line":76,"column":56},"end":{"line":81,"column":10}},"16":{"start":{"line":83,"column":8},"end":{"line":85,"column":11}},"17":{"start":{"line":86,"column":8},"end":{"line":86,"column":21}},"18":{"start":{"line":93,"column":25},"end":{"line":93,"column":33}},"19":{"start":{"line":95,"column":26},"end":{"line":95,"column":62}},"20":{"start":{"line":96,"column":23},"end":{"line":96,"column":88}},"21":{"start":{"line":98,"column":25},"end":{"line":105,"column":9}},"22":{"start":{"line":107,"column":8},"end":{"line":127,"column":9}},"23":{"start":{"line":108,"column":10},"end":{"line":112,"column":13}},"24":{"start":{"line":109,"column":12},"end":{"line":111,"column":55}},"25":{"start":{"line":114,"column":10},"end":{"line":114,"column":69}},"26":{"start":{"line":115,"column":10},"end":{"line":115,"column":60}},"27":{"start":{"line":117,"column":52},"end":{"line":121,"column":12}},"28":{"start":{"line":122,"column":10},"end":{"line":122,"column":68}},"29":{"start":{"line":123,"column":10},"end":{"line":125,"column":13}},"30":{"start":{"line":126,"column":10},"end":{"line":126,"column":23}},"31":{"start":{"line":134,"column":31},"end":{"line":134,"column":41}},"32":{"start":{"line":135,"column":25},"end":{"line":135,"column":33}},"33":{"start":{"line":137,"column":26},"end":{"line":137,"column":62}},"34":{"start":{"line":138,"column":31},"end":{"line":144,"column":10}},"35":{"start":{"line":146,"column":25},"end":{"line":151,"column":9}},"36":{"start":{"line":153,"column":8},"end":{"line":175,"column":9}},"37":{"start":{"line":154,"column":10},"end":{"line":158,"column":13}},"38":{"start":{"line":155,"column":12},"end":{"line":155,"column":63}},"39":{"start":{"line":156,"column":12},"end":{"line":156,"column":51}},"40":{"start":{"line":157,"column":12},"end":{"line":157,"column":102}},"41":{"start":{"line":157,"column":52},"end":{"line":157,"column":99}},"42":{"start":{"line":160,"column":10},"end":{"line":160,"column":70}},"43":{"start":{"line":161,"column":10},"end":{"line":161,"column":60}},"44":{"start":{"line":163,"column":52},"end":{"line":167,"column":12}},"45":{"start":{"line":168,"column":10},"end":{"line":168,"column":30}},"46":{"start":{"line":170,"column":10},"end":{"line":170,"column":66}},"47":{"start":{"line":171,"column":10},"end":{"line":173,"column":13}},"48":{"start":{"line":174,"column":10},"end":{"line":174,"column":23}},"49":{"start":{"line":182,"column":31},"end":{"line":182,"column":41}},"50":{"start":{"line":184,"column":21},"end":{"line":184,"column":77}},"51":{"start":{"line":186,"column":8},"end":{"line":189,"column":9}},"52":{"start":{"line":187,"column":10},"end":{"line":187,"column":74}},"53":{"start":{"line":188,"column":10},"end":{"line":188,"column":60}},"54":{"start":{"line":191,"column":8},"end":{"line":194,"column":11}},"55":{"start":{"line":192,"column":10},"end":{"line":192,"column":61}},"56":{"start":{"line":193,"column":10},"end":{"line":193,"column":42}},"57":{"start":{"line":196,"column":8},"end":{"line":196,"column":70}},"58":{"start":{"line":197,"column":8},"end":{"line":197,"column":58}}},"fnMap":{"0":{"name":"(anonymous_0)","decl":{"start":{"line":6,"column":15},"end":{"line":6,"column":16}},"loc":{"start":{"line":6,"column":24},"end":{"line":200,"column":1}},"line":6},"1":{"name":"(anonymous_1)","decl":{"start":{"line":11,"column":6},"end":{"line":11,"column":7}},"loc":{"start":{"line":11,"column":28},"end":{"line":37,"column":7}},"line":11},"2":{"name":"(anonymous_2)","decl":{"start":{"line":42,"column":6},"end":{"line":42,"column":7}},"loc":{"start":{"line":42,"column":28},"end":{"line":54,"column":7}},"line":42},"3":{"name":"(anonymous_3)","decl":{"start":{"line":59,"column":6},"end":{"line":59,"column":7}},"loc":{"start":{"line":59,"column":28},"end":{"line":68,"column":7}},"line":59},"4":{"name":"(anonymous_4)","decl":{"start":{"line":73,"column":6},"end":{"line":73,"column":7}},"loc":{"start":{"line":73,"column":28},"end":{"line":87,"column":7}},"line":73},"5":{"name":"(anonymous_5)","decl":{"start":{"line":92,"column":6},"end":{"line":92,"column":7}},"loc":{"start":{"line":92,"column":28},"end":{"line":128,"column":7}},"line":92},"6":{"name":"(anonymous_6)","decl":{"start":{"line":108,"column":54},"end":{"line":108,"column":55}},"loc":{"start":{"line":108,"column":69},"end":{"line":112,"column":11}},"line":108},"7":{"name":"(anonymous_7)","decl":{"start":{"line":133,"column":6},"end":{"line":133,"column":7}},"loc":{"start":{"line":133,"column":28},"end":{"line":176,"column":7}},"line":133},"8":{"name":"(anonymous_8)","decl":{"start":{"line":154,"column":54},"end":{"line":154,"column":55}},"loc":{"start":{"line":154,"column":69},"end":{"line":158,"column":11}},"line":154},"9":{"name":"(anonymous_9)","decl":{"start":{"line":157,"column":41},"end":{"line":157,"column":42}},"loc":{"start":{"line":157,"column":52},"end":{"line":157,"column":99}},"line":157},"10":{"name":"(anonymous_10)","decl":{"start":{"line":181,"column":6},"end":{"line":181,"column":7}},"loc":{"start":{"line":181,"column":28},"end":{"line":198,"column":7}},"line":181},"11":{"name":"(anonymous_11)","decl":{"start":{"line":191,"column":52},"end":{"line":191,"column":53}},"loc":{"start":{"line":191,"column":67},"end":{"line":194,"column":9}},"line":191}},"branchMap":{"0":{"loc":{"start":{"line":24,"column":35},"end":{"line":24,"column":69}},"type":"cond-expr","locations":[{"start":{"line":24,"column":51},"end":{"line":24,"column":62}},{"start":{"line":24,"column":65},"end":{"line":24,"column":69}}],"line":24},"1":{"loc":{"start":{"line":103,"column":22},"end":{"line":103,"column":70}},"type":"cond-expr","locations":[{"start":{"line":103,"column":40},"end":{"line":103,"column":63}},{"start":{"line":103,"column":66},"end":{"line":103,"column":70}}],"line":103},"2":{"loc":{"start":{"line":150,"column":22},"end":{"line":150,"column":70}},"type":"cond-expr","locations":[{"start":{"line":150,"column":40},"end":{"line":150,"column":63}},{"start":{"line":150,"column":66},"end":{"line":150,"column":70}}],"line":150},"3":{"loc":{"start":{"line":186,"column":8},"end":{"line":189,"column":9}},"type":"if","locations":[{"start":{"line":186,"column":8},"end":{"line":189,"column":9}},{"start":{},"end":{}}],"line":186}},"s":{"0":6,"1":1,"2":1,"3":1,"4":1,"5":1,"6":1,"7":1,"8":1,"9":1,"10":1,"11":1,"12":1,"13":1,"14":1,"15":1,"16":1,"17":1,"18":1,"19":1,"20":1,"21":1,"22":1,"23":1,"24":1,"25":1,"26":1,"27":0,"28":0,"29":0,"30":0,"31":1,"32":1,"33":1,"34":1,"35":1,"36":1,"37":1,"38":1,"39":1,"40":1,"41":0,"42":1,"43":1,"44":0,"45":0,"46":0,"47":0,"48":0,"49":1,"50":1,"51":1,"52":0,"53":0,"54":1,"55":1,"56":1,"57":1,"58":1},"f":{"0":6,"1":1,"2":1,"3":1,"4":1,"5":1,"6":1,"7":1,"8":1,"9":0,"10":1,"11":1},"b":{"0":[0,1],"1":[1,0],"2":[1,0],"3":[0,1]},"inputSourceMap":null,"_coverageSchema":"1a1c01bbd47fc00a2c39e90264f33305004495a9","hash":"572f767d4f262b073a096200a4a44f66e909be4b"}
,"/home/gedo/projects/backend-project-lvl4/server/routes/users.js": {"path":"/home/gedo/projects/backend-project-lvl4/server/routes/users.js","statementMap":{"0":{"start":{"line":7,"column":2},"end":{"line":101,"column":6}},"1":{"start":{"line":9,"column":20},"end":{"line":9,"column":59}},"2":{"start":{"line":10,"column":6},"end":{"line":10,"column":45}},"3":{"start":{"line":11,"column":6},"end":{"line":11,"column":19}},"4":{"start":{"line":14,"column":19},"end":{"line":14,"column":50}},"5":{"start":{"line":15,"column":6},"end":{"line":15,"column":42}},"6":{"start":{"line":16,"column":6},"end":{"line":16,"column":19}},"7":{"start":{"line":22,"column":31},"end":{"line":22,"column":39}},"8":{"start":{"line":24,"column":8},"end":{"line":27,"column":9}},"9":{"start":{"line":25,"column":10},"end":{"line":25,"column":72}},"10":{"start":{"line":26,"column":10},"end":{"line":26,"column":60}},"11":{"start":{"line":29,"column":21},"end":{"line":29,"column":77}},"12":{"start":{"line":31,"column":8},"end":{"line":31,"column":45}},"13":{"start":{"line":32,"column":8},"end":{"line":32,"column":21}},"14":{"start":{"line":36,"column":23},"end":{"line":36,"column":31}},"15":{"start":{"line":38,"column":6},"end":{"line":47,"column":7}},"16":{"start":{"line":39,"column":8},"end":{"line":39,"column":61}},"17":{"start":{"line":41,"column":8},"end":{"line":41,"column":67}},"18":{"start":{"line":42,"column":8},"end":{"line":42,"column":57}},"19":{"start":{"line":44,"column":8},"end":{"line":44,"column":66}},"20":{"start":{"line":45,"column":8},"end":{"line":45,"column":68}},"21":{"start":{"line":46,"column":8},"end":{"line":46,"column":21}},"22":{"start":{"line":53,"column":31},"end":{"line":53,"column":39}},"23":{"start":{"line":54,"column":25},"end":{"line":54,"column":33}},"24":{"start":{"line":56,"column":8},"end":{"line":59,"column":9}},"25":{"start":{"line":57,"column":10},"end":{"line":57,"column":72}},"26":{"start":{"line":58,"column":10},"end":{"line":58,"column":60}},"27":{"start":{"line":61,"column":21},"end":{"line":61,"column":77}},"28":{"start":{"line":62,"column":8},"end":{"line":71,"column":9}},"29":{"start":{"line":63,"column":10},"end":{"line":63,"column":42}},"30":{"start":{"line":65,"column":10},"end":{"line":65,"column":70}},"31":{"start":{"line":66,"column":10},"end":{"line":66,"column":60}},"32":{"start":{"line":68,"column":10},"end":{"line":68,"column":26}},"33":{"start":{"line":69,"column":10},"end":{"line":69,"column":65}},"34":{"start":{"line":70,"column":10},"end":{"line":70,"column":23}},"35":{"start":{"line":78,"column":31},"end":{"line":78,"column":39}},"36":{"start":{"line":80,"column":8},"end":{"line":83,"column":9}},"37":{"start":{"line":81,"column":10},"end":{"line":81,"column":74}},"38":{"start":{"line":82,"column":10},"end":{"line":82,"column":60}},"39":{"start":{"line":85,"column":21},"end":{"line":85,"column":77}},"40":{"start":{"line":86,"column":46},"end":{"line":89,"column":10}},"41":{"start":{"line":91,"column":8},"end":{"line":97,"column":9}},"42":{"start":{"line":92,"column":10},"end":{"line":92,"column":49}},"43":{"start":{"line":93,"column":10},"end":{"line":93,"column":29}},"44":{"start":{"line":94,"column":10},"end":{"line":94,"column":72}},"45":{"start":{"line":96,"column":10},"end":{"line":96,"column":68}},"46":{"start":{"line":99,"column":8},"end":{"line":99,"column":58}}},"fnMap":{"0":{"name":"(anonymous_0)","decl":{"start":{"line":6,"column":15},"end":{"line":6,"column":16}},"loc":{"start":{"line":6,"column":24},"end":{"line":102,"column":1}},"line":6},"1":{"name":"(anonymous_1)","decl":{"start":{"line":8,"column":44},"end":{"line":8,"column":45}},"loc":{"start":{"line":8,"column":66},"end":{"line":12,"column":5}},"line":8},"2":{"name":"(anonymous_2)","decl":{"start":{"line":13,"column":46},"end":{"line":13,"column":47}},"loc":{"start":{"line":13,"column":62},"end":{"line":17,"column":5}},"line":13},"3":{"name":"(anonymous_3)","decl":{"start":{"line":21,"column":6},"end":{"line":21,"column":7}},"loc":{"start":{"line":21,"column":28},"end":{"line":33,"column":7}},"line":21},"4":{"name":"(anonymous_4)","decl":{"start":{"line":35,"column":46},"end":{"line":35,"column":47}},"loc":{"start":{"line":35,"column":68},"end":{"line":48,"column":5}},"line":35},"5":{"name":"(anonymous_5)","decl":{"start":{"line":52,"column":6},"end":{"line":52,"column":7}},"loc":{"start":{"line":52,"column":28},"end":{"line":72,"column":7}},"line":52},"6":{"name":"(anonymous_6)","decl":{"start":{"line":77,"column":6},"end":{"line":77,"column":7}},"loc":{"start":{"line":77,"column":28},"end":{"line":100,"column":7}},"line":77}},"branchMap":{"0":{"loc":{"start":{"line":24,"column":8},"end":{"line":27,"column":9}},"type":"if","locations":[{"start":{"line":24,"column":8},"end":{"line":27,"column":9}},{"start":{},"end":{}}],"line":24},"1":{"loc":{"start":{"line":56,"column":8},"end":{"line":59,"column":9}},"type":"if","locations":[{"start":{"line":56,"column":8},"end":{"line":59,"column":9}},{"start":{},"end":{}}],"line":56},"2":{"loc":{"start":{"line":80,"column":8},"end":{"line":83,"column":9}},"type":"if","locations":[{"start":{"line":80,"column":8},"end":{"line":83,"column":9}},{"start":{},"end":{}}],"line":80},"3":{"loc":{"start":{"line":91,"column":8},"end":{"line":97,"column":9}},"type":"if","locations":[{"start":{"line":91,"column":8},"end":{"line":97,"column":9}},{"start":{"line":95,"column":15},"end":{"line":97,"column":9}}],"line":91},"4":{"loc":{"start":{"line":91,"column":12},"end":{"line":91,"column":63}},"type":"binary-expr","locations":[{"start":{"line":91,"column":12},"end":{"line":91,"column":35}},{"start":{"line":91,"column":39},"end":{"line":91,"column":63}}],"line":91}},"s":{"0":6,"1":1,"2":1,"3":1,"4":1,"5":1,"6":1,"7":1,"8":1,"9":0,"10":0,"11":1,"12":1,"13":1,"14":1,"15":1,"16":1,"17":1,"18":1,"19":0,"20":0,"21":0,"22":1,"23":1,"24":1,"25":0,"26":0,"27":1,"28":1,"29":1,"30":1,"31":1,"32":0,"33":0,"34":0,"35":1,"36":1,"37":0,"38":0,"39":1,"40":1,"41":1,"42":1,"43":1,"44":1,"45":0,"46":1},"f":{"0":6,"1":1,"2":1,"3":1,"4":1,"5":1,"6":1},"b":{"0":[0,1],"1":[0,1],"2":[0,1],"3":[1,0],"4":[1,1]},"inputSourceMap":null,"_coverageSchema":"1a1c01bbd47fc00a2c39e90264f33305004495a9","hash":"ea6440dca906efb6bbd15097f2f9b464003e0ec1"}
,"/home/gedo/projects/backend-project-lvl4/server/routes/welcome.js": {"path":"/home/gedo/projects/backend-project-lvl4/server/routes/welcome.js","statementMap":{"0":{"start":{"line":4,"column":2},"end":{"line":10,"column":7}},"1":{"start":{"line":6,"column":6},"end":{"line":6,"column":36}},"2":{"start":{"line":9,"column":6},"end":{"line":9,"column":36}}},"fnMap":{"0":{"name":"(anonymous_0)","decl":{"start":{"line":3,"column":15},"end":{"line":3,"column":16}},"loc":{"start":{"line":3,"column":24},"end":{"line":11,"column":1}},"line":3},"1":{"name":"(anonymous_1)","decl":{"start":{"line":5,"column":38},"end":{"line":5,"column":39}},"loc":{"start":{"line":5,"column":54},"end":{"line":7,"column":5}},"line":5},"2":{"name":"(anonymous_2)","decl":{"start":{"line":8,"column":79},"end":{"line":8,"column":80}},"loc":{"start":{"line":8,"column":95},"end":{"line":10,"column":5}},"line":8}},"branchMap":{},"s":{"0":6,"1":1,"2":0},"f":{"0":6,"1":1,"2":0},"b":{},"inputSourceMap":null,"_coverageSchema":"1a1c01bbd47fc00a2c39e90264f33305004495a9","hash":"5430b4013527733b62574dd1789b112ff23b0be0"}
}
