TN:
SF:knexfile.js
FNF:0
FNH:0
DA:6,6
DA:8,6
DA:12,6
DA:21,6
DA:28,6
LF:5
LH:5
BRF:0
BRH:0
end_of_record
TN:
SF:server/plugin.js
FN:33,(anonymous_0)
FN:42,(anonymous_1)
FN:47,render
FN:52,(anonymous_3)
FN:60,(anonymous_4)
FN:71,(anonymous_5)
FN:72,(anonymous_6)
FN:74,(anonymous_7)
FN:79,(anonymous_8)
FN:92,(anonymous_9)
FN:94,(anonymous_10)
FN:99,(anonymous_11)
FN:115,(anonymous_12)
FN:116,(anonymous_13)
FN:128,(anonymous_14)
FNF:15
FNH:13
FNDA:6,(anonymous_0)
FNDA:30,(anonymous_1)
FNDA:15,render
FNDA:6,(anonymous_3)
FNDA:6,(anonymous_4)
FNDA:6,(anonymous_5)
FNDA:52,(anonymous_6)
FNDA:19,(anonymous_7)
FNDA:6,(anonymous_8)
FNDA:23,(anonymous_9)
FNDA:23,(anonymous_10)
FNDA:16,(anonymous_11)
FNDA:0,(anonymous_12)
FNDA:0,(anonymous_13)
FNDA:6,(anonymous_14)
DA:29,6
DA:31,6
DA:33,6
DA:34,6
DA:35,6
DA:42,30
DA:47,6
DA:48,15
DA:52,6
DA:53,6
DA:54,6
DA:60,6
DA:61,6
DA:71,6
DA:72,6
DA:73,52
DA:74,19
DA:79,6
DA:80,6
DA:81,6
DA:82,6
DA:83,6
DA:84,6
DA:91,6
DA:92,23
DA:94,23
DA:95,6
DA:96,6
DA:97,6
DA:98,6
DA:99,16
DA:108,6
DA:109,6
DA:115,6
DA:116,0
DA:117,0
DA:122,0
DA:123,0
DA:129,6
DA:130,0
DA:132,6
DA:134,6
DA:135,6
DA:136,6
DA:137,6
DA:138,6
DA:139,6
LF:47
LH:42
BRDA:31,0,0,6
BRDA:31,0,1,0
BRDA:129,1,0,0
BRDA:129,1,1,6
BRF:4
BRH:2
end_of_record
TN:
SF:server/helpers/index.js
FN:6,(anonymous_0)
FN:7,(anonymous_1)
FN:10,(anonymous_2)
FN:14,(anonymous_3)
FN:28,(anonymous_4)
FNF:5
FNH:5
FNDA:6,(anonymous_0)
FNDA:116,(anonymous_1)
FNDA:196,(anonymous_2)
FNDA:11,(anonymous_3)
FNDA:11,(anonymous_4)
DA:6,6
DA:8,116
DA:11,196
DA:15,11
DA:19,0
DA:21,11
DA:23,0
DA:25,0
DA:29,11
DA:30,11
LF:10
LH:7
BRDA:15,0,0,0
BRDA:15,0,1,11
BRDA:15,0,2,0
BRDA:15,0,3,0
BRF:4
BRH:1
end_of_record
TN:
SF:server/lib/secure.cjs
FN:8,(anonymous_0)
FNF:1
FNH:1
FNDA:27,(anonymous_0)
DA:3,6
DA:8,27
LF:2
LH:2
BRF:0
BRH:0
end_of_record
TN:
SF:server/lib/passportStrategies/FormStrategy.js
FN:7,(anonymous_0)
FN:12,(anonymous_1)
FNF:2
FNH:2
FNDA:6,(anonymous_0)
FNDA:39,(anonymous_1)
DA:8,6
DA:9,6
DA:13,39
DA:14,16
DA:17,23
DA:18,23
DA:19,23
DA:20,23
DA:22,23
DA:23,23
DA:26,0
LF:11
LH:10
BRDA:13,0,0,16
BRDA:13,0,1,23
BRDA:22,1,0,23
BRDA:22,1,1,0
BRDA:22,2,0,23
BRDA:22,2,1,23
BRF:6
BRH:5
end_of_record
TN:
SF:server/locales/ru.js
FNF:0
FNH:0
LF:0
LH:0
BRF:0
BRH:0
end_of_record
TN:
SF:server/migrations/20200716171734_create_users_table.js
FN:3,(anonymous_0)
FN:4,(anonymous_1)
FN:15,(anonymous_2)
FNF:3
FNH:2
FNDA:5,(anonymous_0)
FNDA:5,(anonymous_1)
FNDA:0,(anonymous_2)
DA:3,5
DA:4,5
DA:5,5
DA:6,5
DA:7,5
DA:8,5
DA:9,5
DA:10,5
DA:11,5
DA:15,5
LF:10
LH:10
BRF:0
BRH:0
end_of_record
TN:
SF:server/migrations/20220321142357_create_statuses_table.js
FN:1,(anonymous_0)
FN:2,(anonymous_1)
FN:10,(anonymous_2)
FNF:3
FNH:2
FNDA:5,(anonymous_0)
FNDA:5,(anonymous_1)
FNDA:0,(anonymous_2)
DA:1,5
DA:2,5
DA:3,5
DA:4,5
DA:5,5
DA:6,5
DA:10,5
LF:7
LH:7
BRF:0
BRH:0
end_of_record
TN:
SF:server/migrations/20220323141134_create_tasks_table.js
FN:1,(anonymous_0)
FN:2,(anonymous_1)
FN:17,(anonymous_2)
FNF:3
FNH:2
FNDA:5,(anonymous_0)
FNDA:5,(anonymous_1)
FNDA:0,(anonymous_2)
DA:1,5
DA:2,5
DA:3,5
DA:4,5
DA:5,5
DA:6,5
DA:8,5
DA:10,5
DA:12,5
DA:13,5
DA:17,5
LF:11
LH:11
BRF:0
BRH:0
end_of_record
TN:
SF:server/migrations/20220327171806_create_labels_table.js
FN:1,(anonymous_0)
FN:2,(anonymous_1)
FN:10,(anonymous_2)
FNF:3
FNH:2
FNDA:5,(anonymous_0)
FNDA:5,(anonymous_1)
FNDA:0,(anonymous_2)
DA:1,5
DA:2,5
DA:3,5
DA:4,5
DA:5,5
DA:6,5
DA:10,5
LF:7
LH:7
BRF:0
BRH:0
end_of_record
TN:
SF:server/migrations/20220327172434_create_task_labels_table.js
FN:1,(anonymous_0)
FN:2,(anonymous_1)
FN:13,(anonymous_2)
FNF:3
FNH:2
FNDA:5,(anonymous_0)
FNDA:5,(anonymous_1)
FNDA:0,(anonymous_2)
DA:1,5
DA:2,5
DA:3,5
DA:4,5
DA:6,5
DA:8,5
DA:9,5
DA:13,5
LF:8
LH:8
BRF:0
BRH:0
end_of_record
TN:
SF:server/models/BaseModel.cjs
FN:6,(anonymous_0)
FNF:1
FNH:1
FNDA:8,(anonymous_0)
DA:3,6
DA:5,6
DA:7,8
LF:3
LH:3
BRF:0
BRH:0
end_of_record
TN:
SF:server/models/Task.cjs
FN:6,(anonymous_0)
FN:10,(anonymous_1)
FN:25,(anonymous_2)
FN:66,(anonymous_3)
FN:68,(anonymous_4)
FN:73,(anonymous_5)
FN:78,(anonymous_6)
FN:83,(anonymous_7)
FNF:8
FNH:8
FNDA:158,(anonymous_0)
FNDA:4,(anonymous_1)
FNDA:1,(anonymous_2)
FNDA:4,(anonymous_3)
FNDA:1,(anonymous_4)
FNDA:1,(anonymous_5)
FNDA:1,(anonymous_6)
FNDA:1,(anonymous_7)
DA:3,6
DA:5,6
DA:7,158
DA:11,4
DA:26,1
DA:67,4
DA:69,1
DA:70,0
DA:74,1
DA:75,0
DA:79,1
DA:80,0
DA:84,1
DA:85,0
LF:14
LH:10
BRDA:69,0,0,0
BRDA:69,0,1,1
BRDA:74,1,0,0
BRDA:74,1,1,1
BRDA:79,2,0,0
BRDA:79,2,1,1
BRDA:84,3,0,0
BRDA:84,3,1,1
BRF:8
BRH:4
end_of_record
TN:
SF:server/models/TaskLabel.cjs
FN:7,(anonymous_0)
FN:11,(anonymous_1)
FN:22,(anonymous_2)
FNF:3
FNH:3
FNDA:138,(anonymous_0)
FNDA:2,(anonymous_1)
FNDA:1,(anonymous_2)
DA:1,6
DA:2,6
DA:4,6
DA:6,6
DA:8,138
DA:12,2
DA:23,1
LF:7
LH:7
BRF:0
BRH:0
end_of_record
TN:
SF:server/models/TaskStatus.cjs
FN:9,(anonymous_0)
FN:13,(anonymous_1)
FN:24,(anonymous_2)
FNF:3
FNH:3
FNDA:110,(anonymous_0)
FNDA:2,(anonymous_1)
FNDA:1,(anonymous_2)
DA:3,6
DA:4,6
DA:6,6
DA:8,6
DA:10,110
DA:14,2
DA:25,1
LF:7
LH:7
BRF:0
BRH:0
end_of_record
TN:
SF:server/models/User.cjs
FN:10,(anonymous_0)
FN:14,(anonymous_1)
FN:28,(anonymous_2)
FN:32,(anonymous_3)
FN:36,(anonymous_4)
FN:40,(anonymous_5)
FNF:6
FNH:6
FNDA:325,(anonymous_0)
FNDA:5,(anonymous_1)
FNDA:2,(anonymous_2)
FNDA:31,(anonymous_3)
FNDA:23,(anonymous_4)
FNDA:1,(anonymous_5)
DA:3,6
DA:4,6
DA:5,6
DA:7,6
DA:9,6
DA:11,325
DA:15,5
DA:29,2
DA:33,31
DA:37,23
DA:41,1
LF:11
LH:11
BRF:0
BRH:0
end_of_record
TN:
SF:server/models/index.js
FNF:0
FNH:0
LF:0
LH:0
BRF:0
BRH:0
end_of_record
TN:
SF:server/routes/index.js
FN:19,(anonymous_0)
FN:19,(anonymous_1)
FNF:2
FNH:2
FNDA:6,(anonymous_0)
FNDA:36,(anonymous_1)
DA:10,6
DA:19,36
LF:2
LH:2
BRF:0
BRH:0
end_of_record
TN:
SF:server/routes/labels.js
FN:6,(anonymous_0)
FN:11,(anonymous_1)
FN:21,(anonymous_2)
FN:31,(anonymous_3)
FN:42,(anonymous_4)
FN:60,(anonymous_5)
FN:82,(anonymous_6)
FNF:7
FNH:7
FNDA:6,(anonymous_0)
FNDA:1,(anonymous_1)
FNDA:1,(anonymous_2)
FNDA:1,(anonymous_3)
FNDA:1,(anonymous_4)
FNDA:1,(anonymous_5)
FNDA:1,(anonymous_6)
DA:7,6
DA:12,1
DA:14,1
DA:15,1
DA:22,1
DA:24,1
DA:25,1
DA:32,1
DA:33,1
DA:35,1
DA:36,1
DA:43,1
DA:45,1
DA:46,1
DA:48,1
DA:49,1
DA:51,0
DA:52,0
DA:53,0
DA:61,1
DA:62,1
DA:64,1
DA:65,1
DA:66,1
DA:68,1
DA:69,1
DA:71,0
DA:73,0
DA:74,0
DA:75,0
DA:83,1
DA:85,1
DA:86,1
DA:88,1
DA:89,1
DA:91,1
DA:93,0
DA:96,1
LF:38
LH:30
BRDA:88,0,0,1
BRDA:88,0,1,0
BRF:2
BRH:1
end_of_record
TN:
SF:server/routes/session.js
FN:5,(anonymous_0)
FN:7,(anonymous_1)
FN:11,(anonymous_2)
FN:26,(anonymous_3)
FNF:4
FNH:4
FNDA:6,(anonymous_0)
FNDA:1,(anonymous_1)
FNDA:23,(anonymous_2)
FNDA:1,(anonymous_3)
DA:6,6
DA:8,1
DA:9,1
DA:12,23
DA:13,0
DA:15,23
DA:16,0
DA:17,0
DA:20,0
DA:22,23
DA:23,23
DA:24,23
DA:27,1
DA:28,1
DA:29,1
LF:15
LH:11
BRDA:12,0,0,0
BRDA:12,0,1,23
BRDA:15,1,0,0
BRDA:15,1,1,23
BRF:4
BRH:2
end_of_record
TN:
SF:server/routes/statuses.js
FN:6,(anonymous_0)
FN:11,(anonymous_1)
FN:20,(anonymous_2)
FN:29,(anonymous_3)
FN:40,(anonymous_4)
FN:58,(anonymous_5)
FN:80,(anonymous_6)
FNF:7
FNH:7
FNDA:6,(anonymous_0)
FNDA:1,(anonymous_1)
FNDA:1,(anonymous_2)
FNDA:1,(anonymous_3)
FNDA:1,(anonymous_4)
FNDA:1,(anonymous_5)
FNDA:1,(anonymous_6)
DA:7,6
DA:12,1
DA:13,1
DA:14,1
DA:21,1
DA:22,1
DA:23,1
DA:30,1
DA:32,1
DA:33,1
DA:34,1
DA:41,1
DA:43,1
DA:44,1
DA:46,1
DA:47,1
DA:49,0
DA:50,0
DA:51,0
DA:59,1
DA:60,1
DA:62,1
DA:63,1
DA:64,1
DA:66,1
DA:67,1
DA:69,0
DA:71,0
DA:72,0
DA:73,0
DA:81,1
DA:82,1
DA:83,1
DA:85,1
DA:86,1
DA:87,1
DA:89,0
DA:92,1
LF:38
LH:30
BRDA:85,0,0,1
BRDA:85,0,1,0
BRF:2
BRH:1
end_of_record
TN:
SF:server/routes/tasks.js
FN:6,(anonymous_0)
FN:11,(anonymous_1)
FN:42,(anonymous_2)
FN:59,(anonymous_3)
FN:73,(anonymous_4)
FN:92,(anonymous_5)
FN:108,(anonymous_6)
FN:133,(anonymous_7)
FN:154,(anonymous_8)
FN:157,(anonymous_9)
FN:181,(anonymous_10)
FN:191,(anonymous_11)
FNF:12
FNH:11
FNDA:6,(anonymous_0)
FNDA:1,(anonymous_1)
FNDA:1,(anonymous_2)
FNDA:1,(anonymous_3)
FNDA:1,(anonymous_4)
FNDA:1,(anonymous_5)
FNDA:1,(anonymous_6)
FNDA:1,(anonymous_7)
FNDA:1,(anonymous_8)
FNDA:0,(anonymous_9)
FNDA:1,(anonymous_10)
FNDA:1,(anonymous_11)
DA:7,6
DA:17,1
DA:19,1
DA:27,1
DA:33,1
DA:36,1
DA:43,1
DA:44,1
DA:50,1
DA:53,1
DA:60,1
DA:61,1
DA:66,1
DA:67,1
DA:74,1
DA:76,1
DA:83,1
DA:86,1
DA:93,1
DA:95,1
DA:96,1
DA:98,1
DA:107,1
DA:108,1
DA:109,1
DA:114,1
DA:115,1
DA:117,0
DA:122,0
DA:123,0
DA:126,0
DA:134,1
DA:135,1
DA:137,1
DA:138,1
DA:146,1
DA:153,1
DA:154,1
DA:155,1
DA:156,1
DA:157,1
DA:160,1
DA:161,1
DA:163,0
DA:168,0
DA:170,0
DA:171,0
DA:174,0
DA:182,1
DA:184,1
DA:186,1
DA:187,0
DA:188,0
DA:191,1
DA:192,1
DA:193,1
DA:196,1
DA:197,1
LF:58
LH:47
BRDA:24,0,0,0
BRDA:24,0,1,1
BRDA:103,1,0,1
BRDA:103,1,1,0
BRDA:150,2,0,1
BRDA:150,2,1,0
BRDA:186,3,0,0
BRDA:186,3,1,1
BRF:8
BRH:4
end_of_record
TN:
SF:server/routes/users.js
FN:6,(anonymous_0)
FN:8,(anonymous_1)
FN:13,(anonymous_2)
FN:21,(anonymous_3)
FN:35,(anonymous_4)
FN:52,(anonymous_5)
FN:77,(anonymous_6)
FNF:7
FNH:7
FNDA:6,(anonymous_0)
FNDA:1,(anonymous_1)
FNDA:1,(anonymous_2)
FNDA:1,(anonymous_3)
FNDA:1,(anonymous_4)
FNDA:1,(anonymous_5)
FNDA:1,(anonymous_6)
DA:7,6
DA:9,1
DA:10,1
DA:11,1
DA:14,1
DA:15,1
DA:16,1
DA:22,1
DA:24,1
DA:25,0
DA:26,0
DA:29,1
DA:31,1
DA:32,1
DA:36,1
DA:38,1
DA:39,1
DA:41,1
DA:42,1
DA:44,0
DA:45,0
DA:46,0
DA:53,1
DA:54,1
DA:56,1
DA:57,0
DA:58,0
DA:61,1
DA:62,1
DA:63,1
DA:65,1
DA:66,1
DA:68,0
DA:69,0
DA:70,0
DA:78,1
DA:80,1
DA:81,0
DA:82,0
DA:85,1
DA:86,1
DA:91,1
DA:92,1
DA:93,1
DA:94,1
DA:96,0
DA:99,1
LF:47
LH:34
BRDA:24,0,0,0
BRDA:24,0,1,1
BRDA:56,1,0,0
BRDA:56,1,1,1
BRDA:80,2,0,0
BRDA:80,2,1,1
BRDA:91,3,0,1
BRDA:91,3,1,0
BRDA:91,4,0,1
BRDA:91,4,1,1
BRF:10
BRH:6
end_of_record
TN:
SF:server/routes/welcome.js
FN:3,(anonymous_0)
FN:5,(anonymous_1)
FN:8,(anonymous_2)
FNF:3
FNH:2
FNDA:6,(anonymous_0)
FNDA:1,(anonymous_1)
FNDA:0,(anonymous_2)
DA:4,6
DA:6,1
DA:9,0
LF:3
LH:2
BRF:0
BRH:0
end_of_record
